Log file open, 02/14/22 16:28:30
LogWindows: Failed to load 'aqProf.dll' (GetLastError=126)
LogWindows: File 'aqProf.dll' does not exist
LogWindows: Failed to load 'VtuneApi.dll' (GetLastError=126)
LogWindows: File 'VtuneApi.dll' does not exist
LogWindows: Failed to load 'VtuneApi32e.dll' (GetLastError=126)
LogWindows: File 'VtuneApi32e.dll' does not exist
LogConsoleResponse: Display: Failed to find resolution value strings in scalability ini. Falling back to default.
LogInit: Display: Running engine for game: AstroVerse
LogPakFile: Registered encryption key '00000000000000000000000000000000': 0 pak files mounted, 0 remain pending
LogPlatformFile: Not using cached read wrapper
LogTaskGraph: Started task graph with 5 named threads and 35 total threads with 3 sets of task threads.
LogStats: Stats thread started at 0.385849
LogD3D11RHI: Loaded GFSDK_Aftermath_Lib.x64.dll
LogICUInternationalization: ICU TimeZone Detection - Raw Offset: -5:00, Platform Override: ''
LogPluginManager: Mounting plugin Paper2D
LogPluginManager: Mounting plugin AISupport
LogPluginManager: Mounting plugin LightPropagationVolume
LogPluginManager: Mounting plugin ActorLayerUtilities
LogPluginManager: Mounting plugin AnimationSharing
LogPluginManager: Mounting plugin CLionSourceCodeAccess
LogPluginManager: Mounting plugin CodeLiteSourceCodeAccess
LogPluginManager: Mounting plugin GitSourceControl
LogPluginManager: Mounting plugin KDevelopSourceCodeAccess
LogPluginManager: Mounting plugin NullSourceCodeAccess
LogPluginManager: Mounting plugin PerforceSourceControl
LogPluginManager: Mounting plugin SubversionSourceControl
LogPluginManager: Mounting plugin UObjectPlugin
LogPluginManager: Mounting plugin VisualStudioCodeSourceCodeAccess
LogPluginManager: Mounting plugin VisualStudioSourceCodeAccess
LogPluginManager: Mounting plugin XCodeSourceCodeAccess
LogPluginManager: Mounting plugin AssetManagerEditor
LogPluginManager: Mounting plugin CryptoKeys
LogPluginManager: Mounting plugin DataValidation
LogPluginManager: Mounting plugin FacialAnimation
LogPluginManager: Mounting plugin GameplayTagsEditor
LogPluginManager: Mounting plugin MacGraphicsSwitching
LogPluginManager: Mounting plugin MaterialAnalyzer
LogPluginManager: Mounting plugin MobileLauncherProfileWizard
LogPluginManager: Mounting plugin PluginBrowser
LogPluginManager: Mounting plugin SpeedTreeImporter
LogPluginManager: Mounting plugin DatasmithContent
LogPluginManager: Mounting plugin VariantManagerContent
LogPluginManager: Mounting plugin AlembicImporter
LogPluginManager: Mounting plugin AppleImageUtils
LogPluginManager: Mounting plugin AppleVision
LogPluginManager: Mounting plugin BackChannel
LogPluginManager: Mounting plugin CharacterAI
LogPluginManager: Mounting plugin GeometryCache
LogPluginManager: Mounting plugin HTML5Networking
LogPluginManager: Mounting plugin ProxyLODPlugin
LogPluginManager: Mounting plugin SkeletalReduction
LogPluginManager: Mounting plugin MagicLeap
LogPluginManager: Mounting plugin MagicLeapMedia
LogPluginManager: Mounting plugin AndroidMedia
LogPluginManager: Mounting plugin AvfMedia
LogPluginManager: Mounting plugin ImgMedia
LogPluginManager: Mounting plugin LinearTimecode
LogPluginManager: Mounting plugin MediaCompositing
LogPluginManager: Mounting plugin MediaPlayerEditor
LogPluginManager: Mounting plugin WebMMedia
LogPluginManager: Mounting plugin WmfMedia
LogPluginManager: Mounting plugin TcpMessaging
LogPluginManager: Mounting plugin UdpMessaging
LogPluginManager: Mounting plugin ActorSequence
LogPluginManager: Mounting plugin LevelSequenceEditor
LogPluginManager: Mounting plugin MatineeToLevelSequence
LogPluginManager: Mounting plugin NetcodeUnitTest
LogPluginManager: Mounting plugin NUTUnrealEngine4
LogPluginManager: Mounting plugin OnlineSubsystemGooglePlay
LogPluginManager: Mounting plugin OnlineSubsystemIOS
LogPluginManager: Mounting plugin OnlineSubsystem
LogPluginManager: Mounting plugin OnlineSubsystemNull
LogPluginManager: Mounting plugin OnlineSubsystemUtils
LogPluginManager: Mounting plugin LauncherChunkInstaller
LogPluginManager: Mounting plugin AndroidDeviceProfileSelector
LogPluginManager: Mounting plugin AndroidMoviePlayer
LogPluginManager: Mounting plugin AndroidPermission
LogPluginManager: Mounting plugin AppleMoviePlayer
LogPluginManager: Mounting plugin ArchVisCharacter
LogPluginManager: Mounting plugin AudioCapture
LogPluginManager: Mounting plugin CableComponent
LogPluginManager: Mounting plugin CustomMeshComponent
LogPluginManager: Mounting plugin EditableMesh
LogPluginManager: Mounting plugin ExampleDeviceProfileSelector
LogPluginManager: Mounting plugin Firebase
LogPluginManager: Mounting plugin GoogleCloudMessaging
LogPluginManager: Mounting plugin IOSDeviceProfileSelector
LogPluginManager: Mounting plugin LinuxDeviceProfileSelector
LogPluginManager: Mounting plugin LocationServicesBPLibrary
LogPluginManager: Mounting plugin MobilePatchingUtils
LogPluginManager: Mounting plugin OculusVR
LogPluginManager: Mounting plugin PhysXVehicles
LogPluginManager: Mounting plugin ProceduralMeshComponent
LogPluginManager: Mounting plugin RuntimePhysXCooking
LogPluginManager: Mounting plugin SignificanceManager
LogPluginManager: Mounting plugin SteamVR
LogPluginManager: Mounting plugin WebMMoviePlayer
LogPluginManager: Mounting plugin WindowsMoviePlayer
LogInit: Using libcurl 7.55.1-DEV
LogInit:  - built for x86_64-pc-win32
LogInit:  - supports SSL with OpenSSL/1.1.1
LogInit:  - supports HTTP deflate (compression) using libz 1.2.8
LogInit:  - other features:
LogInit:      CURL_VERSION_SSL
LogInit:      CURL_VERSION_LIBZ
LogInit:      CURL_VERSION_IPV6
LogInit:      CURL_VERSION_ASYNCHDNS
LogInit:      CURL_VERSION_LARGEFILE
LogInit:      CURL_VERSION_IDN
LogInit:  CurlRequestOptions (configurable via config and command line):
LogInit:  - bVerifyPeer = true  - Libcurl will verify peer certificate
LogInit:  - bUseHttpProxy = false  - Libcurl will NOT use HTTP proxy
LogInit:  - bDontReuseConnections = false  - Libcurl will reuse connections
LogInit:  - MaxHostConnections = 16  - Libcurl will limit the number of connections to a host
LogInit:  - LocalHostAddr = Default
LogInit:  - BufferSize = 65536
LogInit: WinSock: version 1.1 (2.2), MaxSocks=32767, MaxUdp=65467
LogInit: Build: ++UE4+Release-4.22-CL-7053642
LogInit: Engine Version: 4.22.3-7053642+++UE4+Release-4.22
LogInit: Compatible Engine Version: 4.22.0-5660361+++UE4+Release-4.22
LogInit: Net CL: 5660361
LogInit: OS: Windows 10 (Release 1909) (), CPU: Intel(R) Core(TM) i7-8700 CPU @ 3.20GHz, GPU: NVIDIA GeForce RTX 2060
LogInit: Compiled (64-bit): Jun 18 2019 03:09:11
LogInit: Compiled with Visual C++: 19.16.27025.01
LogInit: Build Configuration: Development
LogInit: Branch Name: ++UE4+Release-4.22
LogInit: Command Line: 
LogInit: Base Directory: D:/UE_4.22/Engine/Binaries/Win64/
LogInit: Installed Engine Build: 1
LogDevObjectVersion: Number of dev versions registered: 23
LogDevObjectVersion:   Dev-Blueprints (B0D832E4-1F89-4F0D-ACCF-7EB736FD4AA2): 10
LogDevObjectVersion:   Dev-Build (E1C64328-A22C-4D53-A36C-8E866417BD8C): 0
LogDevObjectVersion:   Dev-Core (375EC13C-06E4-48FB-B500-84F0262A717E): 3
LogDevObjectVersion:   Dev-Editor (E4B068ED-F494-42E9-A231-DA0B2E46BB41): 30
LogDevObjectVersion:   Dev-Framework (CFFC743F-43B0-4480-9391-14DF171D2073): 35
LogDevObjectVersion:   Dev-Mobile (B02B49B5-BB20-44E9-A304-32B752E40360): 2
LogDevObjectVersion:   Dev-Networking (A4E4105C-59A1-49B5-A7C5-40C4547EDFEE): 0
LogDevObjectVersion:   Dev-Online (39C831C9-5AE6-47DC-9A44-9C173E1C8E7C): 0
LogDevObjectVersion:   Dev-Physics (78F01B33-EBEA-4F98-B9B4-84EACCB95AA2): 0
LogDevObjectVersion:   Dev-Platform (6631380F-2D4D-43E0-8009-CF276956A95A): 0
LogDevObjectVersion:   Dev-Rendering (12F88B9F-8875-4AFC-A67C-D90C383ABD29): 28
LogDevObjectVersion:   Dev-Sequencer (7B5AE74C-D270-4C10-A958-57980B212A5A): 11
LogDevObjectVersion:   Dev-VR (D7296918-1DD6-4BDD-9DE2-64A83CC13884): 2
LogDevObjectVersion:   Dev-LoadTimes (C2A15278-BFE7-4AFE-6C17-90FF531DF755): 1
LogDevObjectVersion:   Private-Geometry (6EACA3D4-40EC-4CC1-B786-8BED09428FC5): 3
LogDevObjectVersion:   Dev-AnimPhys (29E575DD-E0A3-4627-9D10-D276232CDCEA): 17
LogDevObjectVersion:   Dev-Anim (AF43A65D-7FD3-4947-9873-3E8ED9C1BB05): 2
LogDevObjectVersion:   Dev-ReflectionCapture (6B266CEC-1EC7-4B8F-A30B-E4D90942FC07): 1
LogDevObjectVersion:   Dev-Automation (0DF73D61-A23F-47EA-B727-89E90C41499A): 1
LogDevObjectVersion:   FortniteMain (601D1886-AC64-4F84-AA16-D3DE0DEAC7D6): 25
LogDevObjectVersion:   Dev-Enterprise (9DFFBCD6-494F-0158-E221-12823C92A888): 6
LogDevObjectVersion:   Dev-Niagara (F2AED0AC-9AFE-416F-8664-AA7FFA26D6FC): 1
LogDevObjectVersion:   Dev-Destruction (174F1F0B-B4C6-45A5-B13F-2EE8D0FB917D): 2
LogInit: Presizing for max 16777216 objects, including 0 objects not considered by GC, pre-allocating 0 bytes for permanent pool.
LogInit: Object subsystem initialized
LogConfig: Setting CVar [[con.DebugEarlyDefault:1]]
LogConfig: Setting CVar [[r.setres:1280x720]]
[2022.02.14-21.28.30:509][  0]LogConfig: Setting CVar [[r.VSync:0]]
[2022.02.14-21.28.30:509][  0]LogConfig: Setting CVar [[r.RHICmdBypass:0]]
[2022.02.14-21.28.30:509][  0]LogConfig: Applying CVar settings from Section [/Script/Engine.RendererSettings] File [D:/Users/1971405/Documents/GitHub/H22-GR11-AstroVerse/AstroVerse/Saved/Config/Windows/Engine.ini]
[2022.02.14-21.28.30:509][  0]LogConfig: Setting CVar [[r.GPUCrashDebugging:0]]
[2022.02.14-21.28.30:509][  0]LogConfig: Setting CVar [[r.DefaultFeature.AmbientOcclusion:0]]
[2022.02.14-21.28.30:509][  0]LogConfig: Setting CVar [[r.DefaultFeature.AmbientOcclusionStaticFraction:0]]
[2022.02.14-21.28.30:509][  0]LogConfig: Setting CVar [[vr.InstancedStereo:1]]
[2022.02.14-21.28.30:509][  0]LogConfig: Setting CVar [[r.SeparateTranslucency:0]]
[2022.02.14-21.28.30:509][  0]LogConfig: Setting CVar [[r.HZBOcclusion:0]]
[2022.02.14-21.28.30:509][  0]LogConfig: Setting CVar [[r.SSR.MaxRoughness:0]]
[2022.02.14-21.28.30:509][  0]LogConfig: Setting CVar [[r.rhicmdbypass:0]]
[2022.02.14-21.28.30:509][  0]LogConfig: Applying CVar settings from Section [/Script/Engine.RendererOverrideSettings] File [D:/Users/1971405/Documents/GitHub/H22-GR11-AstroVerse/AstroVerse/Saved/Config/Windows/Engine.ini]
[2022.02.14-21.28.30:509][  0]LogConfig: Applying CVar settings from Section [/Script/Engine.StreamingSettings] File [D:/Users/1971405/Documents/GitHub/H22-GR11-AstroVerse/AstroVerse/Saved/Config/Windows/Engine.ini]
[2022.02.14-21.28.30:509][  0]LogConfig: Setting CVar [[s.MinBulkDataSizeForAsyncLoading:131072]]
[2022.02.14-21.28.30:509][  0]LogConfig: Setting CVar [[s.AsyncLoadingThreadEnabled:0]]
[2022.02.14-21.28.30:509][  0]LogConfig: Setting CVar [[s.EventDrivenLoaderEnabled:1]]
[2022.02.14-21.28.30:509][  0]LogConfig: Setting CVar [[s.WarnIfTimeLimitExceeded:0]]
[2022.02.14-21.28.30:509][  0]LogConfig: Setting CVar [[s.TimeLimitExceededMultiplier:1.5]]
[2022.02.14-21.28.30:509][  0]LogConfig: Setting CVar [[s.TimeLimitExceededMinTime:0.005]]
[2022.02.14-21.28.30:509][  0]LogConfig: Setting CVar [[s.UseBackgroundLevelStreaming:1]]
[2022.02.14-21.28.30:510][  0]LogConfig: Setting CVar [[s.PriorityAsyncLoadingExtraTime:15.0]]
[2022.02.14-21.28.30:510][  0]LogConfig: Setting CVar [[s.LevelStreamingActorsUpdateTimeLimit:5.0]]
[2022.02.14-21.28.30:510][  0]LogConfig: Setting CVar [[s.PriorityLevelStreamingActorsUpdateExtraTime:5.0]]
[2022.02.14-21.28.30:510][  0]LogConfig: Setting CVar [[s.LevelStreamingComponentsRegistrationGranularity:10]]
[2022.02.14-21.28.30:510][  0]LogConfig: Setting CVar [[s.UnregisterComponentsTimeLimit:1.0]]
[2022.02.14-21.28.30:510][  0]LogConfig: Setting CVar [[s.LevelStreamingComponentsUnregistrationGranularity:5]]
[2022.02.14-21.28.30:510][  0]LogConfig: Applying CVar settings from Section [/Script/Engine.GarbageCollectionSettings] File [D:/Users/1971405/Documents/GitHub/H22-GR11-AstroVerse/AstroVerse/Saved/Config/Windows/Engine.ini]
[2022.02.14-21.28.30:510][  0]LogConfig: Setting CVar [[gc.MaxObjectsNotConsideredByGC:1]]
[2022.02.14-21.28.30:510][  0]LogConfig: Setting CVar [[gc.SizeOfPermanentObjectPool:0]]
[2022.02.14-21.28.30:510][  0]LogConfig: Setting CVar [[gc.FlushStreamingOnGC:0]]
[2022.02.14-21.28.30:510][  0]LogConfig: Setting CVar [[gc.NumRetriesBeforeForcingGC:10]]
[2022.02.14-21.28.30:510][  0]LogConfig: Setting CVar [[gc.AllowParallelGC:1]]
[2022.02.14-21.28.30:510][  0]LogConfig: Setting CVar [[gc.TimeBetweenPurgingPendingKillObjects:61.1]]
[2022.02.14-21.28.30:510][  0]LogConfig: Setting CVar [[gc.MaxObjectsInEditor:16777216]]
[2022.02.14-21.28.30:510][  0]LogConfig: Setting CVar [[gc.IncrementalBeginDestroyEnabled:1]]
[2022.02.14-21.28.30:510][  0]LogConfig: Setting CVar [[gc.CreateGCClusters:1]]
[2022.02.14-21.28.30:510][  0]LogConfig: Setting CVar [[gc.MinGCClusterSize:5]]
[2022.02.14-21.28.30:510][  0]LogConfig: Setting CVar [[gc.ActorClusteringEnabled:0]]
[2022.02.14-21.28.30:510][  0]LogConfig: Setting CVar [[gc.BlueprintClusteringEnabled:0]]
[2022.02.14-21.28.30:510][  0]LogConfig: Setting CVar [[gc.UseDisregardForGCOnDedicatedServers:0]]
[2022.02.14-21.28.30:510][  0]LogConfig: Applying CVar settings from Section [/Script/Engine.NetworkSettings] File [D:/Users/1971405/Documents/GitHub/H22-GR11-AstroVerse/AstroVerse/Saved/Config/Windows/Engine.ini]
[2022.02.14-21.28.30:510][  0]LogConfig: Applying CVar settings from Section [/Script/UnrealEd.CookerSettings] File [D:/Users/1971405/Documents/GitHub/H22-GR11-AstroVerse/AstroVerse/Saved/Config/Windows/Engine.ini]
[2022.02.14-21.28.30:513][  0]LogConfig: Applying CVar settings from Section [ViewDistanceQuality@3] File [D:/Users/1971405/Documents/GitHub/H22-GR11-AstroVerse/AstroVerse/Saved/Config/Windows/Scalability.ini]
[2022.02.14-21.28.30:513][  0]LogConfig: Setting CVar [[r.SkeletalMeshLODBias:0]]
[2022.02.14-21.28.30:513][  0]LogConfig: Setting CVar [[r.ViewDistanceScale:1.0]]
[2022.02.14-21.28.30:513][  0]LogConfig: Applying CVar settings from Section [AntiAliasingQuality@3] File [D:/Users/1971405/Documents/GitHub/H22-GR11-AstroVerse/AstroVerse/Saved/Config/Windows/Scalability.ini]
[2022.02.14-21.28.30:513][  0]LogConfig: Setting CVar [[r.PostProcessAAQuality:3]]
[2022.02.14-21.28.30:513][  0]LogConfig: Applying CVar settings from Section [ShadowQuality@3] File [D:/Users/1971405/Documents/GitHub/H22-GR11-AstroVerse/AstroVerse/Saved/Config/Windows/Scalability.ini]
[2022.02.14-21.28.30:513][  0]LogConfig: Setting CVar [[r.LightFunctionQuality:1]]
[2022.02.14-21.28.30:513][  0]LogConfig: Setting CVar [[r.ShadowQuality:5]]
[2022.02.14-21.28.30:513][  0]LogConfig: Setting CVar [[r.Shadow.CSM.MaxCascades:10]]
[2022.02.14-21.28.30:513][  0]LogConfig: Setting CVar [[r.Shadow.MaxResolution:2048]]
[2022.02.14-21.28.30:513][  0]LogConfig: Setting CVar [[r.Shadow.MaxCSMResolution:2048]]
[2022.02.14-21.28.30:513][  0]LogConfig: Setting CVar [[r.Shadow.RadiusThreshold:0.01]]
[2022.02.14-21.28.30:513][  0]LogConfig: Setting CVar [[r.Shadow.DistanceScale:1.0]]
[2022.02.14-21.28.30:513][  0]LogConfig: Setting CVar [[r.Shadow.CSM.TransitionScale:1.0]]
[2022.02.14-21.28.30:513][  0]LogConfig: Setting CVar [[r.Shadow.PreShadowResolutionFactor:1.0]]
[2022.02.14-21.28.30:513][  0]LogConfig: Setting CVar [[r.DistanceFieldShadowing:1]]
[2022.02.14-21.28.30:513][  0]LogConfig: Setting CVar [[r.DistanceFieldAO:1]]
[2022.02.14-21.28.30:513][  0]LogConfig: Setting CVar [[r.AOQuality:2]]
[2022.02.14-21.28.30:513][  0]LogConfig: Setting CVar [[r.VolumetricFog:1]]
[2022.02.14-21.28.30:513][  0]LogConfig: Setting CVar [[r.VolumetricFog.GridPixelSize:8]]
[2022.02.14-21.28.30:513][  0]LogConfig: Setting CVar [[r.VolumetricFog.GridSizeZ:128]]
[2022.02.14-21.28.30:513][  0]LogConfig: Setting CVar [[r.VolumetricFog.HistoryMissSupersampleCount:4]]
[2022.02.14-21.28.30:513][  0]LogConfig: Setting CVar [[r.LightMaxDrawDistanceScale:1]]
[2022.02.14-21.28.30:513][  0]LogConfig: Setting CVar [[r.CapsuleShadows:1]]
[2022.02.14-21.28.30:513][  0]LogConfig: Applying CVar settings from Section [PostProcessQuality@3] File [D:/Users/1971405/Documents/GitHub/H22-GR11-AstroVerse/AstroVerse/Saved/Config/Windows/Scalability.ini]
[2022.02.14-21.28.30:513][  0]LogConfig: Setting CVar [[r.MotionBlurQuality:0]]
[2022.02.14-21.28.30:513][  0]LogConfig: Setting CVar [[r.AmbientOcclusionMipLevelFactor:0.4]]
[2022.02.14-21.28.30:513][  0]LogConfig: Setting CVar [[r.AmbientOcclusionMaxQuality:100]]
[2022.02.14-21.28.30:513][  0]LogConfig: Setting CVar [[r.AmbientOcclusionLevels:0]]
[2022.02.14-21.28.30:513][  0]LogConfig: Setting CVar [[r.AmbientOcclusionRadiusScale:1.0]]
[2022.02.14-21.28.30:513][  0]LogConfig: Setting CVar [[r.DepthOfFieldQuality:0]]
[2022.02.14-21.28.30:513][  0]LogConfig: Setting CVar [[r.RenderTargetPoolMin:400]]
[2022.02.14-21.28.30:513][  0]LogConfig: Setting CVar [[r.LensFlareQuality:0]]
[2022.02.14-21.28.30:513][  0]LogConfig: Setting CVar [[r.SceneColorFringeQuality:0]]
[2022.02.14-21.28.30:513][  0]LogConfig: Setting CVar [[r.EyeAdaptationQuality:2]]
[2022.02.14-21.28.30:513][  0]LogConfig: Setting CVar [[r.BloomQuality:1]]
[2022.02.14-21.28.30:513][  0]LogConfig: Setting CVar [[r.FastBlurThreshold:0]]
[2022.02.14-21.28.30:513][  0]LogConfig: Setting CVar [[r.Upscale.Quality:3]]
[2022.02.14-21.28.30:513][  0]LogConfig: Setting CVar [[r.Tonemapper.GrainQuantization:1]]
[2022.02.14-21.28.30:513][  0]LogConfig: Setting CVar [[r.LightShaftQuality:1]]
[2022.02.14-21.28.30:513][  0]LogConfig: Setting CVar [[r.Filter.SizeScale:1]]
[2022.02.14-21.28.30:513][  0]LogConfig: Setting CVar [[r.Tonemapper.Quality:5]]
[2022.02.14-21.28.30:513][  0]LogConfig: Setting CVar [[r.DOF.Gather.AccumulatorQuality:1        ; higher gathering accumulator quality]]
[2022.02.14-21.28.30:513][  0]LogConfig: Setting CVar [[r.DOF.Gather.PostfilterMethod:1          ; Median3x3 postfilering method]]
[2022.02.14-21.28.30:513][  0]LogConfig: Setting CVar [[r.DOF.Gather.EnableBokehSettings:0       ; no bokeh simulation when gathering]]
[2022.02.14-21.28.30:513][  0]LogConfig: Setting CVar [[r.DOF.Gather.RingCount:4                 ; medium number of samples when gathering]]
[2022.02.14-21.28.30:513][  0]LogConfig: Setting CVar [[r.DOF.Scatter.ForegroundCompositing:1    ; additive foreground scattering]]
[2022.02.14-21.28.30:513][  0]LogConfig: Setting CVar [[r.DOF.Scatter.BackgroundCompositing:2    ; additive background scattering]]
[2022.02.14-21.28.30:513][  0]LogConfig: Setting CVar [[r.DOF.Scatter.EnableBokehSettings:1      ; bokeh simulation when scattering]]
[2022.02.14-21.28.30:513][  0]LogConfig: Setting CVar [[r.DOF.Scatter.MaxSpriteRatio:0.1         ; only a maximum of 10% of scattered bokeh]]
[2022.02.14-21.28.30:513][  0]LogConfig: Setting CVar [[r.DOF.Recombine.Quality:1                ; cheap slight out of focus]]
[2022.02.14-21.28.30:513][  0]LogConfig: Setting CVar [[r.DOF.Recombine.EnableBokehSettings:0    ; no bokeh simulation on slight out of focus]]
[2022.02.14-21.28.30:513][  0]LogConfig: Setting CVar [[r.DOF.TemporalAAQuality:1                ; more stable temporal accumulation]]
[2022.02.14-21.28.30:513][  0]LogConfig: Setting CVar [[r.DOF.Kernel.MaxForegroundRadius:0.025]]
[2022.02.14-21.28.30:513][  0]LogConfig: Setting CVar [[r.DOF.Kernel.MaxBackgroundRadius:0.025]]
[2022.02.14-21.28.30:513][  0]LogConfig: Applying CVar settings from Section [TextureQuality@3] File [D:/Users/1971405/Documents/GitHub/H22-GR11-AstroVerse/AstroVerse/Saved/Config/Windows/Scalability.ini]
[2022.02.14-21.28.30:513][  0]LogConfig: Setting CVar [[r.Streaming.MipBias:0]]
[2022.02.14-21.28.30:513][  0]LogConfig: Setting CVar [[r.Streaming.AmortizeCPUToGPUCopy:0]]
[2022.02.14-21.28.30:513][  0]LogConfig: Setting CVar [[r.Streaming.MaxNumTexturesToStreamPerFrame:0]]
[2022.02.14-21.28.30:513][  0]LogConfig: Setting CVar [[r.Streaming.Boost:1]]
[2022.02.14-21.28.30:513][  0]LogConfig: Setting CVar [[r.MaxAnisotropy:8]]
[2022.02.14-21.28.30:513][  0]LogConfig: Setting CVar [[r.Streaming.LimitPoolSizeToVRAM:0]]
[2022.02.14-21.28.30:513][  0]LogConfig: Setting CVar [[r.Streaming.PoolSize:1000]]
[2022.02.14-21.28.30:513][  0]LogConfig: Setting CVar [[r.Streaming.MaxEffectiveScreenSize:0]]
[2022.02.14-21.28.30:513][  0]LogConfig: Applying CVar settings from Section [EffectsQuality@3] File [D:/Users/1971405/Documents/GitHub/H22-GR11-AstroVerse/AstroVerse/Saved/Config/Windows/Scalability.ini]
[2022.02.14-21.28.30:513][  0]LogConfig: Setting CVar [[r.TranslucencyLightingVolumeDim:4]]
[2022.02.14-21.28.30:513][  0]LogConfig: Setting CVar [[r.RefractionQuality:2]]
[2022.02.14-21.28.30:513][  0]LogConfig: Setting CVar [[r.SSR.Quality:0]]
[2022.02.14-21.28.30:513][  0]LogConfig: Setting CVar [[r.SceneColorFormat:2]]
[2022.02.14-21.28.30:513][  0]LogConfig: Setting CVar [[r.DetailMode:2]]
[2022.02.14-21.28.30:513][  0]LogConfig: Setting CVar [[r.TranslucencyVolumeBlur:0]]
[2022.02.14-21.28.30:513][  0]LogConfig: Setting CVar [[r.MaterialQualityLevel:1 ; High quality]]
[2022.02.14-21.28.30:514][  0]LogConfig: Setting CVar [[r.SSS.Scale:1]]
[2022.02.14-21.28.30:514][  0]LogConfig: Setting CVar [[r.SSS.SampleSet:2]]
[2022.02.14-21.28.30:514][  0]LogConfig: Setting CVar [[r.SSS.Quality:1]]
[2022.02.14-21.28.30:514][  0]LogConfig: Setting CVar [[r.SSS.HalfRes:1]]
[2022.02.14-21.28.30:514][  0]LogConfig: Setting CVar [[r.EmitterSpawnRateScale:1.0]]
[2022.02.14-21.28.30:514][  0]LogConfig: Setting CVar [[r.ParticleLightQuality:2]]
[2022.02.14-21.28.30:514][  0]LogConfig: Applying CVar settings from Section [FoliageQuality@3] File [D:/Users/1971405/Documents/GitHub/H22-GR11-AstroVerse/AstroVerse/Saved/Config/Windows/Scalability.ini]
[2022.02.14-21.28.30:514][  0]LogConfig: Setting CVar [[foliage.DensityScale:1.0]]
[2022.02.14-21.28.30:514][  0]LogConfig: Setting CVar [[grass.DensityScale:1.0]]
[2022.02.14-21.28.30:514][  0]LogInit: Selected Device Profile: [Windows]
[2022.02.14-21.28.30:514][  0]LogInit: Applying CVar settings loaded from the selected device profile: [Windows]
[2022.02.14-21.28.30:531][  0]LogHAL: Display: Platform has ~ 32 GB [34227826688 / 34359738368 / 32], which maps to Largest [LargestMinGB=32, LargerMinGB=12, DefaultMinGB=8, SmallerMinGB=6, SmallestMinGB=0)
[2022.02.14-21.28.30:531][  0]LogConfig: Setting CVar [[r.Vulkan.UseRealUBs:0		; Required until we fix HLR fall-out]]
[2022.02.14-21.28.30:531][  0]LogInit: Going up to parent DeviceProfile []
[2022.02.14-21.28.30:531][  0]LogConfig: Applying CVar settings from Section [ViewDistanceQuality@3] File [D:/Users/1971405/Documents/GitHub/H22-GR11-AstroVerse/AstroVerse/Saved/Config/Windows/Scalability.ini]
[2022.02.14-21.28.30:531][  0]LogConfig: Setting CVar [[r.SkeletalMeshLODBias:0]]
[2022.02.14-21.28.30:531][  0]LogConfig: Setting CVar [[r.ViewDistanceScale:1.0]]
[2022.02.14-21.28.30:531][  0]LogConfig: Applying CVar settings from Section [AntiAliasingQuality@3] File [D:/Users/1971405/Documents/GitHub/H22-GR11-AstroVerse/AstroVerse/Saved/Config/Windows/Scalability.ini]
[2022.02.14-21.28.30:531][  0]LogConfig: Setting CVar [[r.PostProcessAAQuality:3]]
[2022.02.14-21.28.30:531][  0]LogConfig: Applying CVar settings from Section [ShadowQuality@3] File [D:/Users/1971405/Documents/GitHub/H22-GR11-AstroVerse/AstroVerse/Saved/Config/Windows/Scalability.ini]
[2022.02.14-21.28.30:531][  0]LogConfig: Setting CVar [[r.LightFunctionQuality:1]]
[2022.02.14-21.28.30:531][  0]LogConfig: Setting CVar [[r.ShadowQuality:5]]
[2022.02.14-21.28.30:531][  0]LogConfig: Setting CVar [[r.Shadow.CSM.MaxCascades:10]]
[2022.02.14-21.28.30:531][  0]LogConfig: Setting CVar [[r.Shadow.MaxResolution:2048]]
[2022.02.14-21.28.30:531][  0]LogConfig: Setting CVar [[r.Shadow.MaxCSMResolution:2048]]
[2022.02.14-21.28.30:531][  0]LogConfig: Setting CVar [[r.Shadow.RadiusThreshold:0.01]]
[2022.02.14-21.28.30:531][  0]LogConfig: Setting CVar [[r.Shadow.DistanceScale:1.0]]
[2022.02.14-21.28.30:531][  0]LogConfig: Setting CVar [[r.Shadow.CSM.TransitionScale:1.0]]
[2022.02.14-21.28.30:531][  0]LogConfig: Setting CVar [[r.Shadow.PreShadowResolutionFactor:1.0]]
[2022.02.14-21.28.30:531][  0]LogConfig: Setting CVar [[r.DistanceFieldShadowing:1]]
[2022.02.14-21.28.30:531][  0]LogConfig: Setting CVar [[r.DistanceFieldAO:1]]
[2022.02.14-21.28.30:531][  0]LogConfig: Setting CVar [[r.AOQuality:2]]
[2022.02.14-21.28.30:531][  0]LogConfig: Setting CVar [[r.VolumetricFog:1]]
[2022.02.14-21.28.30:531][  0]LogConfig: Setting CVar [[r.VolumetricFog.GridPixelSize:8]]
[2022.02.14-21.28.30:531][  0]LogConfig: Setting CVar [[r.VolumetricFog.GridSizeZ:128]]
[2022.02.14-21.28.30:531][  0]LogConfig: Setting CVar [[r.VolumetricFog.HistoryMissSupersampleCount:4]]
[2022.02.14-21.28.30:531][  0]LogConfig: Setting CVar [[r.LightMaxDrawDistanceScale:1]]
[2022.02.14-21.28.30:531][  0]LogConfig: Setting CVar [[r.CapsuleShadows:1]]
[2022.02.14-21.28.30:532][  0]LogConfig: Applying CVar settings from Section [PostProcessQuality@3] File [D:/Users/1971405/Documents/GitHub/H22-GR11-AstroVerse/AstroVerse/Saved/Config/Windows/Scalability.ini]
[2022.02.14-21.28.30:532][  0]LogConfig: Setting CVar [[r.MotionBlurQuality:0]]
[2022.02.14-21.28.30:532][  0]LogConfig: Setting CVar [[r.AmbientOcclusionMipLevelFactor:0.4]]
[2022.02.14-21.28.30:532][  0]LogConfig: Setting CVar [[r.AmbientOcclusionMaxQuality:100]]
[2022.02.14-21.28.30:532][  0]LogConfig: Setting CVar [[r.AmbientOcclusionLevels:0]]
[2022.02.14-21.28.30:532][  0]LogConfig: Setting CVar [[r.AmbientOcclusionRadiusScale:1.0]]
[2022.02.14-21.28.30:532][  0]LogConfig: Setting CVar [[r.DepthOfFieldQuality:0]]
[2022.02.14-21.28.30:532][  0]LogConfig: Setting CVar [[r.RenderTargetPoolMin:400]]
[2022.02.14-21.28.30:532][  0]LogConfig: Setting CVar [[r.LensFlareQuality:0]]
[2022.02.14-21.28.30:532][  0]LogConfig: Setting CVar [[r.SceneColorFringeQuality:0]]
[2022.02.14-21.28.30:532][  0]LogConfig: Setting CVar [[r.EyeAdaptationQuality:2]]
[2022.02.14-21.28.30:532][  0]LogConfig: Setting CVar [[r.BloomQuality:1]]
[2022.02.14-21.28.30:532][  0]LogConfig: Setting CVar [[r.FastBlurThreshold:0]]
[2022.02.14-21.28.30:532][  0]LogConfig: Setting CVar [[r.Upscale.Quality:3]]
[2022.02.14-21.28.30:532][  0]LogConfig: Setting CVar [[r.Tonemapper.GrainQuantization:1]]
[2022.02.14-21.28.30:532][  0]LogConfig: Setting CVar [[r.LightShaftQuality:1]]
[2022.02.14-21.28.30:532][  0]LogConfig: Setting CVar [[r.Filter.SizeScale:1]]
[2022.02.14-21.28.30:532][  0]LogConfig: Setting CVar [[r.Tonemapper.Quality:5]]
[2022.02.14-21.28.30:532][  0]LogConfig: Setting CVar [[r.DOF.Gather.AccumulatorQuality:1        ; higher gathering accumulator quality]]
[2022.02.14-21.28.30:532][  0]LogConfig: Setting CVar [[r.DOF.Gather.PostfilterMethod:1          ; Median3x3 postfilering method]]
[2022.02.14-21.28.30:532][  0]LogConfig: Setting CVar [[r.DOF.Gather.EnableBokehSettings:0       ; no bokeh simulation when gathering]]
[2022.02.14-21.28.30:532][  0]LogConfig: Setting CVar [[r.DOF.Gather.RingCount:4                 ; medium number of samples when gathering]]
[2022.02.14-21.28.30:532][  0]LogConfig: Setting CVar [[r.DOF.Scatter.ForegroundCompositing:1    ; additive foreground scattering]]
[2022.02.14-21.28.30:532][  0]LogConfig: Setting CVar [[r.DOF.Scatter.BackgroundCompositing:2    ; additive background scattering]]
[2022.02.14-21.28.30:532][  0]LogConfig: Setting CVar [[r.DOF.Scatter.EnableBokehSettings:1      ; bokeh simulation when scattering]]
[2022.02.14-21.28.30:532][  0]LogConfig: Setting CVar [[r.DOF.Scatter.MaxSpriteRatio:0.1         ; only a maximum of 10% of scattered bokeh]]
[2022.02.14-21.28.30:532][  0]LogConfig: Setting CVar [[r.DOF.Recombine.Quality:1                ; cheap slight out of focus]]
[2022.02.14-21.28.30:532][  0]LogConfig: Setting CVar [[r.DOF.Recombine.EnableBokehSettings:0    ; no bokeh simulation on slight out of focus]]
[2022.02.14-21.28.30:532][  0]LogConfig: Setting CVar [[r.DOF.TemporalAAQuality:1                ; more stable temporal accumulation]]
[2022.02.14-21.28.30:532][  0]LogConfig: Setting CVar [[r.DOF.Kernel.MaxForegroundRadius:0.025]]
[2022.02.14-21.28.30:532][  0]LogConfig: Setting CVar [[r.DOF.Kernel.MaxBackgroundRadius:0.025]]
[2022.02.14-21.28.30:532][  0]LogConfig: Applying CVar settings from Section [TextureQuality@3] File [D:/Users/1971405/Documents/GitHub/H22-GR11-AstroVerse/AstroVerse/Saved/Config/Windows/Scalability.ini]
[2022.02.14-21.28.30:532][  0]LogConfig: Setting CVar [[r.Streaming.MipBias:0]]
[2022.02.14-21.28.30:532][  0]LogConfig: Setting CVar [[r.Streaming.AmortizeCPUToGPUCopy:0]]
[2022.02.14-21.28.30:532][  0]LogConfig: Setting CVar [[r.Streaming.MaxNumTexturesToStreamPerFrame:0]]
[2022.02.14-21.28.30:532][  0]LogConfig: Setting CVar [[r.Streaming.Boost:1]]
[2022.02.14-21.28.30:532][  0]LogConfig: Setting CVar [[r.MaxAnisotropy:8]]
[2022.02.14-21.28.30:532][  0]LogConfig: Setting CVar [[r.Streaming.LimitPoolSizeToVRAM:0]]
[2022.02.14-21.28.30:532][  0]LogConfig: Setting CVar [[r.Streaming.PoolSize:1000]]
[2022.02.14-21.28.30:532][  0]LogConfig: Setting CVar [[r.Streaming.MaxEffectiveScreenSize:0]]
[2022.02.14-21.28.30:532][  0]LogConfig: Applying CVar settings from Section [EffectsQuality@3] File [D:/Users/1971405/Documents/GitHub/H22-GR11-AstroVerse/AstroVerse/Saved/Config/Windows/Scalability.ini]
[2022.02.14-21.28.30:532][  0]LogConfig: Setting CVar [[r.TranslucencyLightingVolumeDim:4]]
[2022.02.14-21.28.30:532][  0]LogConfig: Setting CVar [[r.RefractionQuality:2]]
[2022.02.14-21.28.30:532][  0]LogConfig: Setting CVar [[r.SSR.Quality:0]]
[2022.02.14-21.28.30:532][  0]LogConfig: Setting CVar [[r.SceneColorFormat:2]]
[2022.02.14-21.28.30:532][  0]LogConfig: Setting CVar [[r.DetailMode:2]]
[2022.02.14-21.28.30:532][  0]LogConfig: Setting CVar [[r.TranslucencyVolumeBlur:0]]
[2022.02.14-21.28.30:532][  0]LogConfig: Setting CVar [[r.MaterialQualityLevel:1 ; High quality]]
[2022.02.14-21.28.30:532][  0]LogConfig: Setting CVar [[r.SSS.Scale:1]]
[2022.02.14-21.28.30:532][  0]LogConfig: Setting CVar [[r.SSS.SampleSet:2]]
[2022.02.14-21.28.30:532][  0]LogConfig: Setting CVar [[r.SSS.Quality:1]]
[2022.02.14-21.28.30:532][  0]LogConfig: Setting CVar [[r.SSS.HalfRes:1]]
[2022.02.14-21.28.30:532][  0]LogConfig: Setting CVar [[r.EmitterSpawnRateScale:1.0]]
[2022.02.14-21.28.30:532][  0]LogConfig: Setting CVar [[r.ParticleLightQuality:2]]
[2022.02.14-21.28.30:532][  0]LogConfig: Applying CVar settings from Section [FoliageQuality@3] File [D:/Users/1971405/Documents/GitHub/H22-GR11-AstroVerse/AstroVerse/Saved/Config/Windows/Scalability.ini]
[2022.02.14-21.28.30:532][  0]LogConfig: Setting CVar [[foliage.DensityScale:1.0]]
[2022.02.14-21.28.30:532][  0]LogConfig: Setting CVar [[grass.DensityScale:1.0]]
[2022.02.14-21.28.30:532][  0]LogConfig: Applying CVar settings from Section [Startup] File [../../../Engine/Config/ConsoleVariables.ini]
[2022.02.14-21.28.30:532][  0]LogConfig: Setting CVar [[net.UseAdaptiveNetUpdateFrequency:0]]
[2022.02.14-21.28.30:532][  0]LogConfig: Setting CVar [[p.chaos.AllowCreatePhysxBodies:1]]
[2022.02.14-21.28.30:532][  0]LogConfig: Applying CVar settings from Section [ConsoleVariables] File [D:/Users/1971405/Documents/GitHub/H22-GR11-AstroVerse/AstroVerse/Saved/Config/Windows/Engine.ini]
[2022.02.14-21.28.30:532][  0]LogInit: Computer: LI-S069-0T25
[2022.02.14-21.28.30:532][  0]LogInit: User: 1971405
[2022.02.14-21.28.30:532][  0]LogInit: CPU Page size=4096, Cores=6
[2022.02.14-21.28.30:532][  0]LogInit: High frequency timer resolution =10.000000 MHz
[2022.02.14-21.28.30:533][  0]LogMemory: Memory total: Physical=31.9GB (32GB approx)
[2022.02.14-21.28.30:533][  0]LogMemory: Platform Memory Stats for Windows
[2022.02.14-21.28.30:533][  0]LogMemory: Process Physical Memory: 97.35 MB used, 97.36 MB peak
[2022.02.14-21.28.30:533][  0]LogMemory: Process Virtual Memory: 89.80 MB used, 89.80 MB peak
[2022.02.14-21.28.30:533][  0]LogMemory: Physical Memory: 6988.83 MB used,  25653.37 MB free, 32642.20 MB total
[2022.02.14-21.28.30:533][  0]LogMemory: Virtual Memory: 4660.56 MB used,  134213064.00 MB free, 134217728.00 MB total
[2022.02.14-21.28.30:557][  0]LogInit: Using OS detected language (fr-FR).
[2022.02.14-21.28.30:557][  0]LogInit: Using OS detected locale (fr-CA).
[2022.02.14-21.28.30:557][  0]LogTextLocalizationManager: No specific localization for 'fr-FR' exists, so the 'fr' localization will be used.
[2022.02.14-21.28.30:557][  0]LogTextLocalizationResource: LocRes '../../../Engine/Content/Localization/Editor/fr/Editor.locres' could not be opened for reading!
[2022.02.14-21.28.30:557][  0]LogTextLocalizationResource: LocRes '../../../Engine/Content/Localization/EditorTutorials/fr/EditorTutorials.locres' could not be opened for reading!
[2022.02.14-21.28.30:557][  0]LogTextLocalizationResource: LocRes '../../../Engine/Content/Localization/Keywords/fr/Keywords.locres' could not be opened for reading!
[2022.02.14-21.28.30:558][  0]LogTextLocalizationResource: LocRes '../../../Engine/Content/Localization/Category/fr/Category.locres' could not be opened for reading!
[2022.02.14-21.28.30:558][  0]LogTextLocalizationResource: LocRes '../../../Engine/Content/Localization/ToolTips/fr/ToolTips.locres' could not be opened for reading!
[2022.02.14-21.28.30:558][  0]LogTextLocalizationResource: LocRes '../../../Engine/Content/Localization/PropertyNames/fr/PropertyNames.locres' could not be opened for reading!
[2022.02.14-21.28.30:558][  0]LogTextLocalizationResource: LocRes '../../../Engine/Content/Localization/Engine/fr/Engine.locres' could not be opened for reading!
[2022.02.14-21.28.30:558][  0]LogInit: Setting process to per monitor DPI aware
[2022.02.14-21.28.30:580][  0]LogSlate: New Slate User Created.  User Index 0, Is Virtual User: 0
[2022.02.14-21.28.30:581][  0]LogSlate: Slate User Registered.  User Index 0, Is Virtual User: 0
[2022.02.14-21.28.30:697][  0]LogHMD: Failed to initialize OpenVR with code 110
[2022.02.14-21.28.30:697][  0]LogD3D11RHI: D3D11 adapters:
[2022.02.14-21.28.30:764][  0]LogD3D11RHI:    0. 'NVIDIA GeForce RTX 2060' (Feature Level 11_0)
[2022.02.14-21.28.30:764][  0]LogD3D11RHI:       5980/0/16321 MB DedicatedVideo/DedicatedSystem/SharedSystem, Outputs:2, VendorId:0x10de
[2022.02.14-21.28.30:766][  0]LogD3D11RHI:    1. 'Microsoft Basic Render Driver' (Feature Level 11_0)
[2022.02.14-21.28.30:766][  0]LogD3D11RHI:       0/0/16321 MB DedicatedVideo/DedicatedSystem/SharedSystem, Outputs:0, VendorId:0x1414
[2022.02.14-21.28.30:767][  0]LogD3D11RHI: Chosen D3D11 Adapter: 0
[2022.02.14-21.28.30:772][  0]LogD3D11RHI: Creating new Direct3DDevice
[2022.02.14-21.28.30:772][  0]LogD3D11RHI:     GPU DeviceId: 0x1f08 (for the marketing name, search the web for "GPU Device Id")
[2022.02.14-21.28.30:772][  0]LogWindows: EnumDisplayDevices:
[2022.02.14-21.28.30:772][  0]LogWindows:    0. 'NVIDIA GeForce RTX 2060' (P:0 D:1)
[2022.02.14-21.28.30:772][  0]LogWindows:    1. 'NVIDIA GeForce RTX 2060' (P:1 D:1)
[2022.02.14-21.28.30:772][  0]LogWindows:    2. 'NVIDIA GeForce RTX 2060' (P:0 D:0)
[2022.02.14-21.28.30:773][  0]LogWindows:    3. 'NVIDIA GeForce RTX 2060' (P:0 D:0)
[2022.02.14-21.28.30:773][  0]LogWindows: DebugString: FoundDriverCount:4 
[2022.02.14-21.28.30:773][  0]LogD3D11RHI:     Adapter Name: NVIDIA GeForce RTX 2060
[2022.02.14-21.28.30:773][  0]LogD3D11RHI:   Driver Version: 466.77 (internal:27.21.14.6677, unified:466.77)
[2022.02.14-21.28.30:773][  0]LogD3D11RHI:      Driver Date: 6-8-2021
[2022.02.14-21.28.30:773][  0]LogRHI: Texture pool is 4186 MB (70% of 5980 MB)
[2022.02.14-21.28.30:812][  0]LogD3D11RHI: Async texture creation enabled
[2022.02.14-21.28.30:815][  0]LogRendererCore: FGlobalReadBuffer::InitRHI
[2022.02.14-21.28.30:816][  0]LogRendererCore: FGlobalReadBuffer::InitRHI
[2022.02.14-21.28.30:816][  0]LogRendererCore: FGlobalReadBuffer::InitRHI
[2022.02.14-21.28.30:823][  0]LogD3D11RHI: GPU Timing Frequency: 1000.000000 (Debug: 2 1)
[2022.02.14-21.28.31:043][  0]LogTemp: Display: Module 'AllDesktopTargetPlatform' loaded TargetPlatform 'AllDesktop'
[2022.02.14-21.28.31:053][  0]LogTemp: Display: Module 'MacClientTargetPlatform' loaded TargetPlatform 'MacClient'
[2022.02.14-21.28.31:065][  0]LogTemp: Display: Module 'MacNoEditorTargetPlatform' loaded TargetPlatform 'MacNoEditor'
[2022.02.14-21.28.31:075][  0]LogTemp: Display: Module 'MacServerTargetPlatform' loaded TargetPlatform 'MacServer'
[2022.02.14-21.28.31:085][  0]LogTemp: Display: Module 'MacTargetPlatform' loaded TargetPlatform 'Mac'
[2022.02.14-21.28.31:095][  0]LogTemp: Display: Module 'WindowsClientTargetPlatform' loaded TargetPlatform 'WindowsClient'
[2022.02.14-21.28.31:105][  0]LogTemp: Display: Module 'WindowsNoEditorTargetPlatform' loaded TargetPlatform 'WindowsNoEditor'
[2022.02.14-21.28.31:114][  0]LogTemp: Display: Module 'WindowsServerTargetPlatform' loaded TargetPlatform 'WindowsServer'
[2022.02.14-21.28.31:119][  0]LogTemp: Display: Module 'WindowsTargetPlatform' loaded TargetPlatform 'Windows'
[2022.02.14-21.28.31:180][  0]LogTemp: Display: Module 'AndroidTargetPlatform' loaded TargetPlatform 'Android'
[2022.02.14-21.28.31:180][  0]LogTemp: Display: Module 'AndroidTargetPlatform' loaded TargetPlatform 'Android_ASTC'
[2022.02.14-21.28.31:180][  0]LogTemp: Display: Module 'AndroidTargetPlatform' loaded TargetPlatform 'Android_ATC'
[2022.02.14-21.28.31:180][  0]LogTemp: Display: Module 'AndroidTargetPlatform' loaded TargetPlatform 'Android_DXT'
[2022.02.14-21.28.31:180][  0]LogTemp: Display: Module 'AndroidTargetPlatform' loaded TargetPlatform 'Android_ETC1'
[2022.02.14-21.28.31:180][  0]LogTemp: Display: Module 'AndroidTargetPlatform' loaded TargetPlatform 'Android_ETC1a'
[2022.02.14-21.28.31:180][  0]LogTemp: Display: Module 'AndroidTargetPlatform' loaded TargetPlatform 'Android_ETC2'
[2022.02.14-21.28.31:180][  0]LogTemp: Display: Module 'AndroidTargetPlatform' loaded TargetPlatform 'Android_PVRTC'
[2022.02.14-21.28.31:180][  0]LogTemp: Display: Module 'AndroidTargetPlatform' loaded TargetPlatform 'AndroidClient'
[2022.02.14-21.28.31:180][  0]LogTemp: Display: Module 'AndroidTargetPlatform' loaded TargetPlatform 'Android_ASTCClient'
[2022.02.14-21.28.31:180][  0]LogTemp: Display: Module 'AndroidTargetPlatform' loaded TargetPlatform 'Android_ATCClient'
[2022.02.14-21.28.31:180][  0]LogTemp: Display: Module 'AndroidTargetPlatform' loaded TargetPlatform 'Android_DXTClient'
[2022.02.14-21.28.31:180][  0]LogTemp: Display: Module 'AndroidTargetPlatform' loaded TargetPlatform 'Android_ETC1Client'
[2022.02.14-21.28.31:180][  0]LogTemp: Display: Module 'AndroidTargetPlatform' loaded TargetPlatform 'Android_ETC1aClient'
[2022.02.14-21.28.31:180][  0]LogTemp: Display: Module 'AndroidTargetPlatform' loaded TargetPlatform 'Android_ETC2Client'
[2022.02.14-21.28.31:180][  0]LogTemp: Display: Module 'AndroidTargetPlatform' loaded TargetPlatform 'Android_PVRTCClient'
[2022.02.14-21.28.31:180][  0]LogTemp: Display: Module 'AndroidTargetPlatform' loaded TargetPlatform 'Android_Multi'
[2022.02.14-21.28.31:180][  0]LogTemp: Display: Module 'AndroidTargetPlatform' loaded TargetPlatform 'Android_MultiClient'
[2022.02.14-21.28.31:182][  0]LogTemp: Display: Module 'HTML5TargetPlatform' loaded TargetPlatform 'HTML5'
[2022.02.14-21.28.31:224][  0]LogTemp: Display: Module 'IOSTargetPlatform' loaded TargetPlatform 'IOSClient'
[2022.02.14-21.28.31:224][  0]LogTemp: Display: Module 'IOSTargetPlatform' loaded TargetPlatform 'IOS'
[2022.02.14-21.28.31:242][  0]LogTemp: Display: Module 'TVOSTargetPlatform' loaded TargetPlatform 'TVOSClient'
[2022.02.14-21.28.31:242][  0]LogTemp: Display: Module 'TVOSTargetPlatform' loaded TargetPlatform 'TVOS'
[2022.02.14-21.28.31:251][  0]LogTemp: Display: Module 'LinuxClientTargetPlatform' loaded TargetPlatform 'LinuxClient'
[2022.02.14-21.28.31:260][  0]LogTemp: Display: Module 'LinuxNoEditorTargetPlatform' loaded TargetPlatform 'LinuxNoEditor'
[2022.02.14-21.28.31:269][  0]LogTemp: Display: Module 'LinuxServerTargetPlatform' loaded TargetPlatform 'LinuxServer'
[2022.02.14-21.28.31:279][  0]LogTemp: Display: Module 'LinuxTargetPlatform' loaded TargetPlatform 'Linux'
[2022.02.14-21.28.31:312][  0]LogTemp: Display: Module 'LuminTargetPlatform' loaded TargetPlatform 'Lumin'
[2022.02.14-21.28.31:313][  0]LogTemp: Display: Module 'LuminTargetPlatform' loaded TargetPlatform 'LuminClient'
[2022.02.14-21.28.31:313][  0]LogTargetPlatformManager: Display: Building Assets For Windows
[2022.02.14-21.28.31:317][  0]LogAudioDebug: Display: Lib vorbis DLL was dynamically loaded.
[2022.02.14-21.28.31:343][  0]LogShaderCompilers: Guid format shader working directory is -25 characters bigger than the processId version (../../../../Users/1971405/Documents/GitHub/H22-GR11-AstroVerse/AstroVerse/Intermediate/Shaders/WorkingDirectory/8836/).
[2022.02.14-21.28.31:343][  0]LogShaderCompilers: Cleaned the shader compiler working directory 'D:/Users/1971405/AppData/Local/Temp/UnrealShaderWorkingDir/C26FB92D4EEEDD3A67E8269549E7AFF5/'.
[2022.02.14-21.28.31:345][  0]LogXGEController: Cannot use XGE Controller as Incredibuild is not installed on this machine.
[2022.02.14-21.28.31:345][  0]LogShaderCompilers: Cannot use XGE Shader Compiler as Incredibuild is not installed on this machine.
[2022.02.14-21.28.31:345][  0]LogShaderCompilers: Display: Using Local Shader Compiler.
[2022.02.14-21.28.31:771][  0]LogDerivedDataCache: Display: Max Cache Size: 512 MB
[2022.02.14-21.28.31:814][  0]LogDerivedDataCache: Loaded boot cache 0.04s 86MB D:/Users/1971405/AppData/Local/UnrealEngine/4.22/DerivedDataCache/Boot.ddc.
[2022.02.14-21.28.31:814][  0]LogDerivedDataCache: Display: Loaded Boot cache: D:/Users/1971405/AppData/Local/UnrealEngine/4.22/DerivedDataCache/Boot.ddc
[2022.02.14-21.28.31:815][  0]LogDerivedDataCache: FDerivedDataBackendGraph:  Pak pak cache file ../../../../Users/1971405/Documents/GitHub/H22-GR11-AstroVerse/AstroVerse/DerivedDataCache/DDC.ddp not found, will not use a pak cache.
[2022.02.14-21.28.31:815][  0]LogDerivedDataCache: Unable to find inner node Pak for hierarchical cache Hierarchy.
[2022.02.14-21.28.31:815][  0]LogDerivedDataCache: FDerivedDataBackendGraph:  CompressedPak pak cache file ../../../../Users/1971405/Documents/GitHub/H22-GR11-AstroVerse/AstroVerse/DerivedDataCache/Compressed.ddp not found, will not use a pak cache.
[2022.02.14-21.28.31:815][  0]LogDerivedDataCache: Unable to find inner node CompressedPak for hierarchical cache Hierarchy.
[2022.02.14-21.28.31:824][  0]LogDerivedDataCache: Display: Pak cache opened for reading ../../../Engine/DerivedDataCache/Compressed.ddp.
[2022.02.14-21.28.31:824][  0]LogDerivedDataCache: FDerivedDataBackendGraph:  EnterprisePak pak cache file ../../../Enterprise/DerivedDataCache/Compressed.ddp not found, will not use a pak cache.
[2022.02.14-21.28.31:824][  0]LogDerivedDataCache: Unable to find inner node EnterprisePak for hierarchical cache Hierarchy.
[2022.02.14-21.28.31:836][  0]LogDerivedDataCache: Using Local data cache path D:/Users/1971405/AppData/Local/UnrealEngine/Common/DerivedDataCache: Writable
[2022.02.14-21.28.31:836][  0]LogDerivedDataCache: Shared data cache path not found in *engine.ini, will not use an Shared cache.
[2022.02.14-21.28.31:836][  0]LogDerivedDataCache: Unable to find inner node Shared for hierarchical cache Hierarchy.
[2022.02.14-21.28.31:858][  0]LogMaterial: Verifying Global Shaders for PCD3D_SM5
[2022.02.14-21.28.31:859][  0]LogSlate: Using FreeType 2.6.0
[2022.02.14-21.28.31:859][  0]LogSlate: SlateFontServices - WITH_FREETYPE: 1, WITH_HARFBUZZ: 1
[2022.02.14-21.28.31:924][  0]LogAssetRegistry: FAssetRegistry took 0.0302 seconds to start up
[2022.02.14-21.28.32:160][  0]LogInit: Selected Device Profile: [Windows]
[2022.02.14-21.28.32:265][  0]LogMeshReduction: Using QuadricMeshReduction for automatic static mesh reduction
[2022.02.14-21.28.32:265][  0]LogMeshReduction: Using SimplygonMeshReduction for automatic skeletal mesh reduction
[2022.02.14-21.28.32:265][  0]LogMeshReduction: Using ProxyLODMeshReduction for automatic mesh merging
[2022.02.14-21.28.32:265][  0]LogMeshReduction: No distributed automatic mesh merging module available
[2022.02.14-21.28.32:265][  0]LogMeshMerging: No distributed automatic mesh merging module available
[2022.02.14-21.28.32:275][  0]LogNetVersion: AstroVerse 1.0.0, NetCL: 5660361, EngineNetVer: 10, GameNetVer: 0 (Checksum: 1128800453)
[2022.02.14-21.28.32:559][  0]LogPackageLocalizationCache: Processed 10 localized package path(s) for 1 prioritized culture(s) in 0.018523 seconds
[2022.02.14-21.28.32:563][  0]LogUObjectArray: 42205 objects as part of root set at end of initial load.
[2022.02.14-21.28.32:563][  0]LogUObjectAllocator: 7325032 out of 0 bytes used by permanent object pool.
[2022.02.14-21.28.32:563][  0]LogUObjectArray: CloseDisregardForGC: 0/0 objects in disregard for GC pool
[2022.02.14-21.28.33:130][  0]LogTcpMessaging: Initializing TcpMessaging bridge
[2022.02.14-21.28.33:144][  0]LogUdpMessaging: Initializing bridge on interface 0.0.0.0:0 to multicast group 230.0.0.1:6666.
[2022.02.14-21.28.33:244][  0]SourceControl: Source control is disabled
[2022.02.14-21.28.33:244][  0]SourceControl: Source control is disabled
[2022.02.14-21.28.33:245][  0]SourceControl: Source control is disabled
[2022.02.14-21.28.33:246][  0]SourceControl: Source control is disabled
[2022.02.14-21.28.33:290][  0]LogAndroidPermission: UAndroidPermissionCallbackProxy::GetInstance
[2022.02.14-21.28.33:328][  0]LogOcInput: OculusInput pre-init called
[2022.02.14-21.28.33:810][  0]LogEngine: Initializing Engine...
[2022.02.14-21.28.33:811][  0]LogHMD: Failed to initialize OpenVR with code 110
[2022.02.14-21.28.33:812][  0]LogStats: UGameplayTagsManager::InitializeManager -  0.000 s
[2022.02.14-21.28.33:965][  0]LogInit: Initializing FReadOnlyCVARCache
[2022.02.14-21.28.33:972][  0]LogAIModule: Creating AISystem for world Untitled
[2022.02.14-21.28.33:989][  0]LogInit: XAudio2 using 'Haut-parleurs (Realtek(R) Audio)' : 2 channels at 48 kHz using 32 bits per sample (channel mask 0x3)
[2022.02.14-21.28.34:019][  0]LogInit: FAudioDevice initialized.
[2022.02.14-21.28.34:019][  0]LogNetVersion: Set ProjectVersion to 1.0.0.0. Version Checksum will be recalculated on next use.
[2022.02.14-21.28.34:158][  0]LogDerivedDataCache: Saved boot cache 0.14s 86MB D:/Users/1971405/AppData/Local/UnrealEngine/4.22/DerivedDataCache/Boot.ddc.
[2022.02.14-21.28.34:164][  0]LogInit: Texture streaming: Enabled
[2022.02.14-21.28.34:175][  0]LogEngineSessionManager: EngineSessionManager initialized
[2022.02.14-21.28.34:187][  0]LogInit: Transaction tracking system initialized
[2022.02.14-21.28.34:198][  0]BlueprintLog: New page: Editor Load
[2022.02.14-21.28.34:241][  0]LocalizationService: Localization service is disabled
[2022.02.14-21.28.34:456][  0]LogFileCache: Scanning file cache for directory 'D:/Users/1971405/Documents/GitHub/H22-GR11-AstroVerse/AstroVerse/Content/' took 0.01s
[2022.02.14-21.28.34:456][  0]LogCook: Display: Max memory allowance for cook 16384mb min free memory 0mb
[2022.02.14-21.28.34:457][  0]LogCook: Display: Mobile HDR setting 1
[2022.02.14-21.28.34:561][  0]SourceControl: Source control is disabled
[2022.02.14-21.28.34:561][  0]Cmd: MAP LOAD FILE="../../../../Users/1971405/Documents/GitHub/H22-GR11-AstroVerse/AstroVerse/Content/VirtualRealityBP/Maps/StartupMap.umap" TEMPLATE=0 SHOWPROGRESS=1 FEATURELEVEL=3
[2022.02.14-21.28.34:561][  0]LightingResults: New page: Lighting Build
[2022.02.14-21.28.34:562][  0]MapCheck: New page: Map Check
[2022.02.14-21.28.34:562][  0]LightingResults: New page: Lighting Build
[2022.02.14-21.28.34:584][  0]LogUObjectHash: Compacting FUObjectHashTables data took   1.25ms
[2022.02.14-21.28.35:224][  0]LogAIModule: Creating AISystem for world StartupMap
[2022.02.14-21.28.35:229][  0]LogEditorServer: Finished looking for orphan Actors (0.000 secs)
[2022.02.14-21.28.35:252][  0]LogUObjectHash: Compacting FUObjectHashTables data took   1.53ms
[2022.02.14-21.28.35:252][  0]Cmd: MAP CHECKDEP NOCLEARLOG
[2022.02.14-21.28.35:252][  0]MapCheck: Map check complete: 0 Error(s), 0 Warning(s), took 0,118ms to complete.
[2022.02.14-21.28.35:252][  0]LogFileHelpers: Loading map 'StartupMap' took 0.691
[2022.02.14-21.28.35:333][  0]LogSlate: Updating window title bar state: overlay mode, drag disabled, window buttons hidden, title bar hidden
[2022.02.14-21.28.35:338][  0]LogSlate: Updating window title bar state: overlay mode, drag disabled, window buttons hidden, title bar hidden
[2022.02.14-21.28.35:344][  0]LogSlate: Updating window title bar state: overlay mode, drag disabled, window buttons hidden, title bar hidden
[2022.02.14-21.28.35:350][  0]LogSlate: Updating window title bar state: overlay mode, drag disabled, window buttons hidden, title bar hidden
[2022.02.14-21.28.35:353][  0]LogCollectionManager: Loaded 0 collections in 0.000649 seconds
[2022.02.14-21.28.35:366][  0]LogFileCache: Scanning file cache for directory 'D:/Users/1971405/Documents/GitHub/H22-GR11-AstroVerse/AstroVerse/Saved/Collections/' took 0.01s
[2022.02.14-21.28.35:366][  0]LogFileCache: Scanning file cache for directory 'D:/Users/1971405/Documents/GitHub/H22-GR11-AstroVerse/AstroVerse/Content/Developers/1971405/Collections/' took 0.00s
[2022.02.14-21.28.35:366][  0]LogFileCache: Scanning file cache for directory 'D:/Users/1971405/Documents/GitHub/H22-GR11-AstroVerse/AstroVerse/Content/Collections/' took 0.00s
[2022.02.14-21.28.35:366][  0]LogCollectionManager: Rebuilt the GUID cache for 0 collections in 0.000000 seconds
[2022.02.14-21.28.35:373][  0]LogContentBrowser: Native class hierarchy populated in 0.0069 seconds. Added 2732 classes and 659 folders.
[2022.02.14-21.28.35:377][  0]LogContentBrowser: Native class hierarchy updated for 'WidgetCarousel' in 0.0002 seconds. Added 0 classes and 0 folders.
[2022.02.14-21.28.35:377][  0]LogPakFile: Registered encryption key '00000000000000000000000000000000': 0 pak files mounted, 0 remain pending
[2022.02.14-21.28.35:378][  0]LogPakFile: Registered encryption key '00000000000000000000000000000000': 0 pak files mounted, 0 remain pending
[2022.02.14-21.28.35:378][  0]LogPakFile: Registered encryption key '00000000000000000000000000000000': 0 pak files mounted, 0 remain pending
[2022.02.14-21.28.35:378][  0]LogPakFile: Registered encryption key '00000000000000000000000000000000': 0 pak files mounted, 0 remain pending
[2022.02.14-21.28.35:378][  0]LogPakFile: Registered encryption key '00000000000000000000000000000000': 0 pak files mounted, 0 remain pending
[2022.02.14-21.28.35:379][  0]LogPakFile: Registered encryption key '00000000000000000000000000000000': 0 pak files mounted, 0 remain pending
[2022.02.14-21.28.35:379][  0]LogPakFile: Registered encryption key '00000000000000000000000000000000': 0 pak files mounted, 0 remain pending
[2022.02.14-21.28.35:379][  0]LogPakFile: Registered encryption key '00000000000000000000000000000000': 0 pak files mounted, 0 remain pending
[2022.02.14-21.28.35:380][  0]LogPakFile: Registered encryption key '00000000000000000000000000000000': 0 pak files mounted, 0 remain pending
[2022.02.14-21.28.35:380][  0]LogPakFile: Registered encryption key '00000000000000000000000000000000': 0 pak files mounted, 0 remain pending
[2022.02.14-21.28.35:380][  0]LogPakFile: Registered encryption key '00000000000000000000000000000000': 0 pak files mounted, 0 remain pending
[2022.02.14-21.28.35:380][  0]LogPakFile: Registered encryption key '00000000000000000000000000000000': 0 pak files mounted, 0 remain pending
[2022.02.14-21.28.35:381][  0]LogPakFile: Registered encryption key '00000000000000000000000000000000': 0 pak files mounted, 0 remain pending
[2022.02.14-21.28.35:381][  0]LogPakFile: Registered encryption key '00000000000000000000000000000000': 0 pak files mounted, 0 remain pending
[2022.02.14-21.28.35:381][  0]LogPakFile: Registered encryption key '00000000000000000000000000000000': 0 pak files mounted, 0 remain pending
[2022.02.14-21.28.35:381][  0]LogPakFile: Registered encryption key '00000000000000000000000000000000': 0 pak files mounted, 0 remain pending
[2022.02.14-21.28.35:382][  0]LogPakFile: Registered encryption key '00000000000000000000000000000000': 0 pak files mounted, 0 remain pending
[2022.02.14-21.28.35:382][  0]LogPakFile: Registered encryption key '00000000000000000000000000000000': 0 pak files mounted, 0 remain pending
[2022.02.14-21.28.35:382][  0]LogPakFile: Registered encryption key '00000000000000000000000000000000': 0 pak files mounted, 0 remain pending
[2022.02.14-21.28.35:382][  0]LogPakFile: Registered encryption key '00000000000000000000000000000000': 0 pak files mounted, 0 remain pending
[2022.02.14-21.28.35:383][  0]LogPakFile: Registered encryption key '00000000000000000000000000000000': 0 pak files mounted, 0 remain pending
[2022.02.14-21.28.35:383][  0]LogPakFile: Registered encryption key '00000000000000000000000000000000': 0 pak files mounted, 0 remain pending
[2022.02.14-21.28.35:383][  0]LogPakFile: Registered encryption key '00000000000000000000000000000000': 0 pak files mounted, 0 remain pending
[2022.02.14-21.28.35:384][  0]LogPakFile: Registered encryption key '00000000000000000000000000000000': 0 pak files mounted, 0 remain pending
[2022.02.14-21.28.35:384][  0]LogPakFile: Registered encryption key '00000000000000000000000000000000': 0 pak files mounted, 0 remain pending
[2022.02.14-21.28.35:384][  0]LogPakFile: Registered encryption key '00000000000000000000000000000000': 0 pak files mounted, 0 remain pending
[2022.02.14-21.28.35:398][  0]LogContentBrowser: Native class hierarchy updated for 'AddContentDialog' in 0.0002 seconds. Added 0 classes and 0 folders.
[2022.02.14-21.28.35:402][  0]LogContentBrowser: Native class hierarchy updated for 'SceneOutliner' in 0.0002 seconds. Added 1 classes and 2 folders.
[2022.02.14-21.28.35:423][  0]LogSlate: Took 0.000076 seconds to synchronously load lazily loaded font '../../../Engine/Content/Slate/Fonts/Roboto-Regular.ttf' (155K)
[2022.02.14-21.28.35:424][  0]LogSlate: Took 0.000068 seconds to synchronously load lazily loaded font '../../../Engine/Content/Slate/Fonts/Roboto-Bold.ttf' (160K)
[2022.02.14-21.28.35:427][  0]LogSlate: Took 0.000071 seconds to synchronously load lazily loaded font '../../../Engine/Content/Editor/Slate/Fonts/FontAwesome.ttf' (139K)
[2022.02.14-21.28.35:474][  0]LogRenderer: Reallocating scene render targets to support 1208x572 Format 26 NumSamples 1 (Frame:1).
[2022.02.14-21.28.35:503][  0]LogSlate: Took 0.000140 seconds to synchronously load lazily loaded font '../../../Engine/Content/Slate/Fonts/Roboto-Light.ttf' (167K)
[2022.02.14-21.28.35:562][  0]LogContentBrowser: Native class hierarchy updated for 'HierarchicalLODOutliner' in 0.0002 seconds. Added 0 classes and 0 folders.
[2022.02.14-21.28.35:562][  0]LogLoad: (Engine Initialization) Total time: 6.50 seconds
[2022.02.14-21.28.35:562][  0]LogLoad: (Engine Initialization) Total Blueprint compile time: 0.00 seconds
[2022.02.14-21.28.35:731][  0]LogAssetRegistry: Asset discovery search completed in 3.8291 seconds
[2022.02.14-21.28.35:733][  0]LogCollectionManager: Rebuilt the object cache for 0 collections in 0.000000 seconds (found 0 objects)
[2022.02.14-21.28.35:733][  0]LogCollectionManager: Fixed up redirectors for 0 collections in 0.000033 seconds (updated 0 objects)
[2022.02.14-21.28.35:734][  0]LogContentStreaming: Texture pool size now 1000 MB
[2022.02.14-21.28.36:581][ 90]LogSlate: Took 0.000104 seconds to synchronously load lazily loaded font '../../../Engine/Content/Slate/Fonts/Roboto-Light.ttf' (167K)
[2022.02.14-21.28.39:494][438]LogEditorViewport: Clicking on Actor (LMB): Sphere_Blueprint_C (Sphere_Blueprint)
[2022.02.14-21.28.40:470][543]LogEditorViewport: Clicking Background
[2022.02.14-21.28.49:154][584]LogSlate: FSceneViewport::OnFocusLost() reason 0
[2022.02.14-21.29.01:709][799]LogUObjectHash: Compacting FUObjectHashTables data took   0.51ms
[2022.02.14-21.29.01:710][799]Cmd: MAP LOAD FILE="../../../../Users/1971405/Documents/GitHub/H22-GR11-AstroVerse/AstroVerse/Content/VirtualRealityBP/Maps/StartupMap.umap" TEMPLATE=0 SHOWPROGRESS=1 FEATURELEVEL=3
[2022.02.14-21.29.01:721][799]LightingResults: New page: Lighting Build
[2022.02.14-21.29.01:721][799]LoadErrors: New page: Loading map: StartupMap.umap
[2022.02.14-21.29.01:723][799]MapCheck: New page: Map Check
[2022.02.14-21.29.01:723][799]LightingResults: New page: Lighting Build
[2022.02.14-21.29.01:743][799]LogUObjectHash: Compacting FUObjectHashTables data took   1.67ms
[2022.02.14-21.29.01:762][799]LogAIModule: Creating AISystem for world StartupMap
[2022.02.14-21.29.01:767][799]LogEditorServer: Finished looking for orphan Actors (0.000 secs)
[2022.02.14-21.29.01:789][799]LogUObjectHash: Compacting FUObjectHashTables data took   1.47ms
[2022.02.14-21.29.01:800][799]Cmd: MAP CHECKDEP NOCLEARLOG
[2022.02.14-21.29.01:801][799]MapCheck: Map check complete: 0 Error(s), 0 Warning(s), took 0,08ms to complete.
[2022.02.14-21.29.01:801][799]LogFileHelpers: Loading map 'StartupMap' took 0.091
[2022.02.14-21.29.01:801][799]LogSlate: Window 'Open Level' being destroyed
[2022.02.14-21.35.04:049][903]LogSlate: FSceneViewport::OnFocusLost() reason 0
[2022.02.14-21.35.14:511][990]LogSlate: Window 'New Level' being destroyed
[2022.02.14-21.35.14:517][990]Cmd: MAP LOAD FILE="../../../Engine/Content/Maps/Templates/Template_Default.umap" TEMPLATE=1 SHOWPROGRESS=1 FEATURELEVEL=3
[2022.02.14-21.35.14:526][990]LightingResults: New page: Lighting Build
[2022.02.14-21.35.14:527][990]LoadErrors: New page: Loading map: Template_Default.umap
[2022.02.14-21.35.14:528][990]MapCheck: New page: Map Check
[2022.02.14-21.35.14:528][990]LightingResults: New page: Lighting Build
[2022.02.14-21.35.14:550][990]LogUObjectHash: Compacting FUObjectHashTables data took   1.03ms
[2022.02.14-21.35.14:607][990]LogAIModule: Creating AISystem for world Untitled_1
[2022.02.14-21.35.14:611][990]LogEditorServer: Finished looking for orphan Actors (0.000 secs)
[2022.02.14-21.35.14:634][990]LogUObjectHash: Compacting FUObjectHashTables data took   1.60ms
[2022.02.14-21.35.14:640][990]Cmd: MAP CHECKDEP NOCLEARLOG
[2022.02.14-21.35.14:641][990]MapCheck: Map check complete: 0 Error(s), 0 Warning(s), took 0,1ms to complete.
[2022.02.14-21.35.14:641][990]LogFileHelpers: Loading map 'Template_Default' took 0.124
[2022.02.14-21.36.00:959][521]LogAssetEditorManager: Opening Asset editor for WidgetBlueprint /Game/Levels/Main_Menu/Main_Menu_widget.Main_Menu_widget
[2022.02.14-21.36.01:131][521]LogContentBrowser: Native class hierarchy updated for 'BlueprintGraph' in 0.0004 seconds. Added 121 classes and 0 folders.
[2022.02.14-21.36.01:691][521]LogBlueprintActionDatabase: Requesting refresh due to module change: SequencerWidgets (loaded)
[2022.02.14-21.36.01:927][521]LogSlate: Took 0.000101 seconds to synchronously load lazily loaded font '../../../Engine/Content/Slate/Fonts/Roboto-BoldCondensed.ttf' (158K)
[2022.02.14-21.37.20:767][540]BlueprintLog: New page: Compile Main_Menu_widget
[2022.02.14-21.37.20:920][540]LogUObjectHash: Compacting FUObjectHashTables data took   4.57ms
[2022.02.14-21.37.21:229][574]LogSavePackage: Moving '../../../../Users/1971405/Documents/GitHub/H22-GR11-AstroVerse/AstroVerse/Saved/Main_Menu_widget9327ED2E4CEBE0F205B3379B5CD1D2EC.tmp' to '../../../../Users/1971405/Documents/GitHub/H22-GR11-AstroVerse/AstroVerse/Content/Levels/Main_Menu/Main_Menu_widget.uasset'
[2022.02.14-21.37.23:708][870]LogSlate: Window 'Main_Menu_widget' being destroyed
[2022.02.14-21.37.26:629][220]LogEditorViewport: Clicking on Actor (LMB): BP_Sky_Sphere_C (Sky Sphere)
[2022.02.14-21.37.27:678][343]LogEditorViewport: Clicking on Actor (context menu): BP_Sky_Sphere_C (Sky Sphere)
[2022.02.14-21.37.27:714][343]LogSlate: FSceneViewport::OnFocusLost() reason 2
[2022.02.14-21.37.28:410][426]LogEditorViewport: Clicking on Actor (LMB): BP_Sky_Sphere_C (Sky Sphere)
[2022.02.14-21.37.29:544][561]LogUObjectGlobals: Warning: Failed to find object 'Object None.'
[2022.02.14-21.37.29:544][561]LogUObjectGlobals: Warning: Failed to find object 'Object None.'
[2022.02.14-21.37.29:548][561]LogSlate: FSceneViewport::OnFocusLost() reason 2
[2022.02.14-21.37.30:434][655]LogSlate: FSceneViewport::OnFocusLost() reason 2
[2022.02.14-21.37.30:435][655]LogAssetEditorManager: Opening Asset editor for LevelScriptBlueprint /Temp/Untitled_1.Untitled_1:PersistentLevel.Untitled
[2022.02.14-21.38.25:984][251]LogSlate: Window 'Save Level As' being destroyed
[2022.02.14-21.38.25:993][251]LogBlueprint: Warning: [Compiler PersistentLevel.mainmenumap] 'Viewport' does not inherit from 'Main Menu Widget' ( Cast To Viewport  would always fail).
[2022.02.14-21.38.25:994][251]LogBlueprint: Warning: [Compiler PersistentLevel.mainmenumap] [0597,00] Compile of PersistentLevel.mainmenumap successful, but with 1 Warning(s) [in 2 ms] (/Game/VirtualRealityBP/Maps/mainmenumap.mainmenumap:PersistentLevel.mainmenumap)
[2022.02.14-21.38.26:029][251]LogUObjectHash: Compacting FUObjectHashTables data took   3.02ms
[2022.02.14-21.38.26:063][251]LogUObjectHash: Compacting FUObjectHashTables data took   1.99ms
[2022.02.14-21.38.26:065][251]LogBlueprint: Warning: [Compiler PersistentLevel.mainmenumap] 'Viewport' does not inherit from 'Main Menu Widget' ( Cast To Viewport  would always fail).
[2022.02.14-21.38.26:065][251]LogBlueprint: Warning: [Compiler PersistentLevel.mainmenumap] [0597,07] Compile of PersistentLevel.mainmenumap successful, but with 1 Warning(s) [in 2 ms] (/Game/VirtualRealityBP/Maps/mainmenumap.mainmenumap:PersistentLevel.mainmenumap)
[2022.02.14-21.38.26:188][251]LogSavePackage: Moving '../../../../Users/1971405/Documents/GitHub/H22-GR11-AstroVerse/AstroVerse/Saved/mainmenumapFC27FD8D4C451A0209856FBB4A0E4E9E.tmp' to '../../../../Users/1971405/Documents/GitHub/H22-GR11-AstroVerse/AstroVerse/Content/VirtualRealityBP/Maps/mainmenumap.umap'
[2022.02.14-21.38.26:200][251]LogFileHelpers: Saving map 'mainmenumap' took 0.208
[2022.02.14-21.40.03:083][781]LogSlate: Took 0.000113 seconds to synchronously load lazily loaded font '../../../Engine/Content/Slate/Fonts/Roboto-Italic.ttf' (157K)
[2022.02.14-21.40.11:898][839]BlueprintLog: New page: Compile mainmenumap
[2022.02.14-21.40.12:028][839]LogUObjectHash: Compacting FUObjectHashTables data took   2.64ms
[2022.02.14-21.40.20:077][804]LogTemp: Repeating last play command: Selected Viewport
[2022.02.14-21.40.20:087][804]LogBlueprintUserMessages: Early PlayInEditor Detection: Level '/Game/VirtualRealityBP/Maps/mainmenumap.mainmenumap:PersistentLevel' has LevelScriptBlueprint '/Game/VirtualRealityBP/Maps/mainmenumap.mainmenumap:PersistentLevel.mainmenumap' with GeneratedClass '/Game/VirtualRealityBP/Maps/mainmenumap.mainmenumap_C' with ClassGeneratedBy '/Game/VirtualRealityBP/Maps/mainmenumap.mainmenumap:PersistentLevel.mainmenumap'
[2022.02.14-21.40.20:087][804]LogPlayLevel: PlayLevel: No blueprints needed recompiling
[2022.02.14-21.40.20:087][804]PIE: New page: PIE session: mainmenumap (2022-02-14 11:40:20)
[2022.02.14-21.40.20:100][804]LogPlayLevel: Creating play world package: /Game/VirtualRealityBP/Maps/UEDPIE_0_mainmenumap
[2022.02.14-21.40.20:102][804]LogPlayLevel: PIE: StaticDuplicateObject took: (0.002407s)
[2022.02.14-21.40.20:103][804]LogAIModule: Creating AISystem for world mainmenumap
[2022.02.14-21.40.20:103][804]LogPlayLevel: PIE: World Init took: (0.000664s)
[2022.02.14-21.40.20:103][804]LogPlayLevel: PIE: Created PIE world by copying editor world from /Game/VirtualRealityBP/Maps/mainmenumap.mainmenumap to /Game/VirtualRealityBP/Maps/UEDPIE_0_mainmenumap.mainmenumap (0.003354s)
[2022.02.14-21.40.20:131][804]LogUObjectHash: Compacting FUObjectHashTables data took   2.27ms
[2022.02.14-21.40.20:135][804]LogInit: XAudio2 using 'Haut-parleurs (Realtek(R) Audio)' : 2 channels at 48 kHz using 32 bits per sample (channel mask 0x3)
[2022.02.14-21.40.20:149][804]LogInit: FAudioDevice initialized.
[2022.02.14-21.40.20:191][804]LogUObjectGlobals: Warning: Failed to find object 'Class None.'
[2022.02.14-21.40.20:191][804]LogLoad: Game class is 'GameModeBase'
[2022.02.14-21.40.20:193][804]LogWorld: Bringing World /Game/VirtualRealityBP/Maps/UEDPIE_0_mainmenumap.mainmenumap up for play (max tick rate 0) at 2022.02.14-16.40.20
[2022.02.14-21.40.20:194][804]LogWorld: Bringing up level for play took: 0.001158
[2022.02.14-21.40.20:218][804]LogBlueprintActionDatabase: Requesting refresh due to module change: Voice (loaded)
[2022.02.14-21.40.20:226][804]LogBlueprintActionDatabase: Requesting refresh due to module change: MovieSceneCapture (loaded)
[2022.02.14-21.40.20:226][804]LogContentBrowser: Native class hierarchy updated for 'MovieSceneCapture' in 0.0005 seconds. Added 20 classes and 0 folders.
[2022.02.14-21.40.20:228][804]PIE: Play in editor start time for /Game/VirtualRealityBP/Maps/UEDPIE_0_mainmenumap 0,512
[2022.02.14-21.40.20:228][804]LogBlueprintUserMessages: Late PlayInEditor Detection: Level '/Game/VirtualRealityBP/Maps/mainmenumap.mainmenumap:PersistentLevel' has LevelScriptBlueprint '/Game/VirtualRealityBP/Maps/mainmenumap.mainmenumap:PersistentLevel.mainmenumap' with GeneratedClass '/Game/VirtualRealityBP/Maps/mainmenumap.mainmenumap_C' with ClassGeneratedBy '/Game/VirtualRealityBP/Maps/mainmenumap.mainmenumap:PersistentLevel.mainmenumap'
[2022.02.14-21.43.17:210][400]LogSlate: FSceneViewport::OnFocusLost() reason 0
[2022.02.14-21.43.27:317][584]LogBlueprintUserMessages: Early EndPlayMap Detection: Level '/Game/VirtualRealityBP/Maps/mainmenumap.mainmenumap:PersistentLevel' has LevelScriptBlueprint '/Game/VirtualRealityBP/Maps/mainmenumap.mainmenumap:PersistentLevel.mainmenumap' with GeneratedClass '/Game/VirtualRealityBP/Maps/mainmenumap.mainmenumap_C' with ClassGeneratedBy '/Game/VirtualRealityBP/Maps/mainmenumap.mainmenumap:PersistentLevel.mainmenumap'
[2022.02.14-21.43.27:317][584]LogSlate: Updating window title bar state: overlay mode, drag disabled, window buttons hidden, title bar hidden
[2022.02.14-21.43.27:354][584]LogPlayLevel: Display: Shutting down PIE online subsystems
[2022.02.14-21.43.27:355][584]LogBlueprintUserMessages: Late EndPlayMap Detection: Level '/Game/VirtualRealityBP/Maps/mainmenumap.mainmenumap:PersistentLevel' has LevelScriptBlueprint '/Game/VirtualRealityBP/Maps/mainmenumap.mainmenumap:PersistentLevel.mainmenumap' with GeneratedClass '/Game/VirtualRealityBP/Maps/mainmenumap.mainmenumap_C' with ClassGeneratedBy '/Game/VirtualRealityBP/Maps/mainmenumap.mainmenumap:PersistentLevel.mainmenumap'
[2022.02.14-21.43.27:404][584]LogSlate: Updating window title bar state: overlay mode, drag disabled, window buttons hidden, title bar hidden
[2022.02.14-21.43.27:411][584]LogUObjectHash: Compacting FUObjectHashTables data took   4.89ms
[2022.02.14-21.43.27:426][585]LogPlayLevel: Display: Destroying online subsystem :Context_7
[2022.02.14-21.43.30:353][935]LogSlate: FSceneViewport::OnFocusLost() reason 0
[2022.02.14-21.43.38:294][874]LogSlate: Window 'Color Picker' being destroyed
[2022.02.14-21.43.43:917][547]LogSlate: Window 'Color Picker' being destroyed
[2022.02.14-21.43.54:536][820]LogSlate: Window 'Color Picker' being destroyed
[2022.02.14-21.44.06:158][214]LogSlate: FSceneViewport::OnFocusLost() reason 0
[2022.02.14-21.44.06:246][224]LogAssetEditorManager: Opening Asset editor for Blueprint /Engine/EngineSky/BP_Sky_Sphere.BP_Sky_Sphere
[2022.02.14-21.44.25:559][485]LogSlate: Window 'Color Picker' being destroyed
[2022.02.14-21.44.31:487][196]LogSlate: FSceneViewport::OnFocusLost() reason 0
[2022.02.14-21.44.32:845][359]BlueprintLog: New page: Compile BP_Sky_Sphere
[2022.02.14-21.44.33:036][359]LogUObjectHash: Compacting FUObjectHashTables data took   2.82ms
[2022.02.14-21.44.35:121][606]LogTemp: Repeating last play command: Selected Viewport
[2022.02.14-21.44.35:131][606]LogBlueprintUserMessages: Early PlayInEditor Detection: Level '/Game/VirtualRealityBP/Maps/mainmenumap.mainmenumap:PersistentLevel' has LevelScriptBlueprint '/Game/VirtualRealityBP/Maps/mainmenumap.mainmenumap:PersistentLevel.mainmenumap' with GeneratedClass '/Game/VirtualRealityBP/Maps/mainmenumap.mainmenumap_C' with ClassGeneratedBy '/Game/VirtualRealityBP/Maps/mainmenumap.mainmenumap:PersistentLevel.mainmenumap'
[2022.02.14-21.44.35:131][606]LogPlayLevel: PlayLevel: No blueprints needed recompiling
[2022.02.14-21.44.35:131][606]PIE: New page: PIE session: mainmenumap (2022-02-14 11:44:35)
[2022.02.14-21.44.35:131][606]LogPlayLevel: Creating play world package: /Game/VirtualRealityBP/Maps/UEDPIE_0_mainmenumap
[2022.02.14-21.44.35:133][606]LogPlayLevel: PIE: StaticDuplicateObject took: (0.001848s)
[2022.02.14-21.44.35:133][606]LogAIModule: Creating AISystem for world mainmenumap
[2022.02.14-21.44.35:133][606]LogPlayLevel: PIE: World Init took: (0.000415s)
[2022.02.14-21.44.35:133][606]LogPlayLevel: PIE: Created PIE world by copying editor world from /Game/VirtualRealityBP/Maps/mainmenumap.mainmenumap to /Game/VirtualRealityBP/Maps/UEDPIE_0_mainmenumap.mainmenumap (0.002346s)
[2022.02.14-21.44.35:171][606]LogUObjectHash: Compacting FUObjectHashTables data took   3.60ms
[2022.02.14-21.44.35:175][606]LogInit: XAudio2 using 'Haut-parleurs (Realtek(R) Audio)' : 2 channels at 48 kHz using 32 bits per sample (channel mask 0x3)
[2022.02.14-21.44.35:188][606]LogInit: FAudioDevice initialized.
[2022.02.14-21.44.35:198][606]LogSlate: Updating window title bar state: overlay mode, drag disabled, window buttons hidden, title bar hidden
[2022.02.14-21.44.35:229][606]LogUObjectGlobals: Warning: Failed to find object 'Class None.'
[2022.02.14-21.44.35:229][606]LogLoad: Game class is 'GameModeBase'
[2022.02.14-21.44.35:230][606]LogWorld: Bringing World /Game/VirtualRealityBP/Maps/UEDPIE_0_mainmenumap.mainmenumap up for play (max tick rate 0) at 2022.02.14-16.44.35
[2022.02.14-21.44.35:230][606]LogWorld: Bringing up level for play took: 0.000396
[2022.02.14-21.44.35:249][606]PIE: Play in editor start time for /Game/VirtualRealityBP/Maps/UEDPIE_0_mainmenumap -0,466
[2022.02.14-21.44.35:250][606]LogBlueprintUserMessages: Late PlayInEditor Detection: Level '/Game/VirtualRealityBP/Maps/mainmenumap.mainmenumap:PersistentLevel' has LevelScriptBlueprint '/Game/VirtualRealityBP/Maps/mainmenumap.mainmenumap:PersistentLevel.mainmenumap' with GeneratedClass '/Game/VirtualRealityBP/Maps/mainmenumap.mainmenumap_C' with ClassGeneratedBy '/Game/VirtualRealityBP/Maps/mainmenumap.mainmenumap:PersistentLevel.mainmenumap'
[2022.02.14-21.44.35:288][607]LogRenderer: Reallocating scene render targets to support 1272x688 Format 26 NumSamples 1 (Frame:1).
[2022.02.14-21.44.42:096][421]LogSlate: FSceneViewport::OnFocusLost() reason 2
[2022.02.14-21.45.05:747][257]LogBlueprintUserMessages: Early EndPlayMap Detection: Level '/Game/VirtualRealityBP/Maps/mainmenumap.mainmenumap:PersistentLevel' has LevelScriptBlueprint '/Game/VirtualRealityBP/Maps/mainmenumap.mainmenumap:PersistentLevel.mainmenumap' with GeneratedClass '/Game/VirtualRealityBP/Maps/mainmenumap.mainmenumap_C' with ClassGeneratedBy '/Game/VirtualRealityBP/Maps/mainmenumap.mainmenumap:PersistentLevel.mainmenumap'
[2022.02.14-21.45.05:747][257]LogSlate: Updating window title bar state: overlay mode, drag disabled, window buttons hidden, title bar hidden
[2022.02.14-21.45.05:752][257]LogSlate: Window 'AstroVerse Game Preview Standalone (64-bit/PCD3D_SM5)' being destroyed
[2022.02.14-21.45.05:787][257]LogPlayLevel: Display: Shutting down PIE online subsystems
[2022.02.14-21.45.05:788][257]LogBlueprintUserMessages: Late EndPlayMap Detection: Level '/Game/VirtualRealityBP/Maps/mainmenumap.mainmenumap:PersistentLevel' has LevelScriptBlueprint '/Game/VirtualRealityBP/Maps/mainmenumap.mainmenumap:PersistentLevel.mainmenumap' with GeneratedClass '/Game/VirtualRealityBP/Maps/mainmenumap.mainmenumap_C' with ClassGeneratedBy '/Game/VirtualRealityBP/Maps/mainmenumap.mainmenumap:PersistentLevel.mainmenumap'
[2022.02.14-21.45.05:833][257]LogUObjectHash: Compacting FUObjectHashTables data took   2.60ms
[2022.02.14-21.45.05:860][258]LogPlayLevel: Display: Destroying online subsystem :Context_9
[2022.02.14-21.45.49:367][841]LogAssetEditorManager: Opening Asset editor for Material /Game/Levels/Main_Menu/NewMaterial.NewMaterial
[2022.02.14-21.45.49:387][841]LogMaterial: Display: Missing cached shader map for material NewMaterial, compiling. 
[2022.02.14-21.45.49:773][841]LogMaterial: Display: Missing cached shader map for material M_SkyBox, compiling. 
[2022.02.14-21.45.49:931][841]LogMaterial: Display: Missing cached shader map for material NewMaterial, compiling. 
[2022.02.14-21.45.49:940][841]LogShaderCompilers: Display: Shaders left to compile 20
[2022.02.14-21.45.50:783][917]LogShaderCompilers: Display: Shaders left to compile 10
[2022.02.14-21.45.51:709][ 25]MaterialEditorStats: Base pass shader: 162 instructions
[2022.02.14-21.45.51:709][ 25]MaterialEditorStats: Base pass shader with Volumetric Lightmap: 236 instructions
[2022.02.14-21.45.51:709][ 25]MaterialEditorStats: Base pass vertex shader: 98 instructions
[2022.02.14-21.45.51:709][ 25]MaterialEditorStats: Texture samplers: 3/16
[2022.02.14-21.45.55:324][455]LogMaterial: Display: Missing cached shader map for material NewMaterial, compiling. 
[2022.02.14-21.45.55:360][456]LogShaderCompilers: Display: Shaders left to compile 20
[2022.02.14-21.45.55:590][484]LogShaderCompilers: Display: Shaders left to compile 10
[2022.02.14-21.46.03:350][412]LogMaterial: Display: Missing cached shader map for material NewMaterial, compiling. 
[2022.02.14-21.46.03:373][413]LogShaderCompilers: Display: Shaders left to compile 20
[2022.02.14-21.46.03:587][439]LogShaderCompilers: Display: Shaders left to compile 10
[2022.02.14-21.47.30:627][291]LogMaterial: Display: Missing cached shader map for material NewMaterial, compiling. 
[2022.02.14-21.47.30:666][292]LogShaderCompilers: Display: Shaders left to compile 20
[2022.02.14-21.47.30:981][330]LogShaderCompilers: Display: Shaders left to compile 10
[2022.02.14-21.47.31:861][434]MaterialEditorStats: Base pass shader: 162 instructions
[2022.02.14-21.47.31:861][434]MaterialEditorStats: Base pass shader with Volumetric Lightmap: 236 instructions
[2022.02.14-21.47.31:861][434]MaterialEditorStats: Base pass vertex shader: 98 instructions
[2022.02.14-21.47.31:861][434]MaterialEditorStats: Texture samplers: 3/16
[2022.02.14-21.47.43:132][546]LogMaterial: Display: Missing cached shader map for material NewMaterial, compiling. 
[2022.02.14-21.47.43:145][546]LogShaderCompilers: Display: Shaders left to compile 20
[2022.02.14-21.47.43:145][546]LogMaterial: Display: Missing cached shader map for material FMatExpressionPreview MaterialExpressionTextureSampleParameterCube_0, compiling. 
[2022.02.14-21.47.43:382][570]LogShaderCompilers: Display: Shaders left to compile 10
[2022.02.14-21.47.44:911][748]MaterialEditorStats: Base pass shader: 162 instructions
[2022.02.14-21.47.44:911][748]MaterialEditorStats: Base pass shader with Volumetric Lightmap: 236 instructions
[2022.02.14-21.47.44:911][748]MaterialEditorStats: Base pass vertex shader: 98 instructions
[2022.02.14-21.47.44:911][748]MaterialEditorStats: Texture samplers: 3/16
[2022.02.14-21.47.45:940][866]LogMaterial: Display: Missing cached shader map for material VolumeTextureThumbnailMaterial, compiling. 
[2022.02.14-21.47.57:937][183]LogMaterial: Display: Missing cached shader map for material NewMaterial, compiling. 
[2022.02.14-21.47.57:961][184]LogShaderCompilers: Display: Shaders left to compile 20
[2022.02.14-21.47.58:178][210]LogShaderCompilers: Display: Shaders left to compile 10
[2022.02.14-21.47.59:068][315]MaterialEditorStats: Base pass shader: 162 instructions
[2022.02.14-21.47.59:068][315]MaterialEditorStats: Base pass shader with Volumetric Lightmap: 236 instructions
[2022.02.14-21.47.59:068][315]MaterialEditorStats: Base pass vertex shader: 98 instructions
[2022.02.14-21.47.59:068][315]MaterialEditorStats: Texture samplers: 3/16
[2022.02.14-21.48.02:425][714]LogMaterial: Display: Missing cached shader map for material NewMaterial, compiling. 
[2022.02.14-21.48.02:435][714]LogMaterial: Display: Missing cached shader map for material FMatExpressionPreview MaterialExpressionTextureSampleParameterCube_1, compiling. 
[2022.02.14-21.48.02:458][715]LogShaderCompilers: Display: Shaders left to compile 20
[2022.02.14-21.48.02:661][738]LogShaderCompilers: Display: Shaders left to compile 10
[2022.02.14-21.48.03:552][842]MaterialEditorStats: Base pass shader: 162 instructions
[2022.02.14-21.48.03:552][842]MaterialEditorStats: Base pass shader with Volumetric Lightmap: 236 instructions
[2022.02.14-21.48.03:552][842]MaterialEditorStats: Base pass vertex shader: 98 instructions
[2022.02.14-21.48.03:552][842]MaterialEditorStats: Texture samplers: 3/16
[2022.02.14-21.48.25:522][279]LogMaterial: Display: Missing cached shader map for material NewMaterial, compiling. 
[2022.02.14-21.48.25:535][279]LogMaterial: Display: Missing cached shader map for material FMatExpressionPreview MaterialExpressionTextureSampleParameterCube_1, compiling. 
[2022.02.14-21.48.25:547][279]LogShaderCompilers: Display: Shaders left to compile 20
[2022.02.14-21.48.25:561][279]LogMaterial: Display: Missing cached shader map for material NewMaterial, compiling. 
[2022.02.14-21.48.25:880][315]LogShaderCompilers: Display: Shaders left to compile 20
[2022.02.14-21.48.26:115][342]LogShaderCompilers: Display: Shaders left to compile 10
[2022.02.14-21.48.26:957][439]MaterialEditorStats: Base pass shader: 162 instructions
[2022.02.14-21.48.26:957][439]MaterialEditorStats: Base pass shader with Volumetric Lightmap: 236 instructions
[2022.02.14-21.48.26:957][439]MaterialEditorStats: Base pass vertex shader: 98 instructions
[2022.02.14-21.48.26:957][439]MaterialEditorStats: Texture samplers: 3/16
[2022.02.14-21.50.09:131][360]LogSlate: Window 'Message' being destroyed
[2022.02.14-21.50.18:658][102]LogUObjectHash: Compacting FUObjectHashTables data took   2.38ms
[2022.02.14-21.50.18:804][102]LogSavePackage: Moving '../../../../Users/1971405/Documents/GitHub/H22-GR11-AstroVerse/AstroVerse/Saved/mainmenumapCC21D72E4FFB923C0EFCB892F7C0265B.tmp' to '../../../../Users/1971405/Documents/GitHub/H22-GR11-AstroVerse/AstroVerse/Content/VirtualRealityBP/Maps/mainmenumap.umap'
[2022.02.14-21.50.18:814][102]LogFileHelpers: Saving map 'mainmenumap' took 0.193
[2022.02.14-21.50.18:824][102]LogSavePackage: Moving '../../../../Users/1971405/Documents/GitHub/H22-GR11-AstroVerse/AstroVerse/Saved/mainmenumap_BuiltDataA0ABD93C48DC47BBB6DB3BA4AE823753.tmp' to '../../../../Users/1971405/Documents/GitHub/H22-GR11-AstroVerse/AstroVerse/Content/VirtualRealityBP/Maps/mainmenumap_BuiltData.uasset'
